{"/Users/patrickk/Desktop/decCohort/fec/client/src/api/apiHelpers.js": {"path":"/Users/patrickk/Desktop/decCohort/fec/client/src/api/apiHelpers.js","statementMap":{"0":{"start":{"line":3,"column":25},"end":{"line":18,"column":1}},"1":{"start":{"line":4,"column":18},"end":{"line":4,"column":20}},"2":{"start":{"line":6,"column":2},"end":{"line":16,"column":3}},"3":{"start":{"line":6,"column":15},"end":{"line":6,"column":16}},"4":{"start":{"line":7,"column":21},"end":{"line":7,"column":35}},"5":{"start":{"line":8,"column":4},"end":{"line":8,"column":38}},"6":{"start":{"line":9,"column":4},"end":{"line":9,"column":49}},"7":{"start":{"line":10,"column":4},"end":{"line":15,"column":6}},"8":{"start":{"line":17,"column":2},"end":{"line":17,"column":30}}},"fnMap":{"0":{"name":"(anonymous_0)","decl":{"start":{"line":3,"column":25},"end":{"line":3,"column":26}},"loc":{"start":{"line":3,"column":36},"end":{"line":18,"column":1}},"line":3}},"branchMap":{},"s":{"0":1,"1":0,"2":0,"3":0,"4":0,"5":0,"6":0,"7":0,"8":0},"f":{"0":0},"b":{},"_coverageSchema":"1a1c01bbd47fc00a2c39e90264f33305004495a9","hash":"7bb64845e50a518e97a9ad93083b5cabe29b1a4f"}
,"/Users/patrickk/Desktop/decCohort/fec/client/src/api/qa.js": {"path":"/Users/patrickk/Desktop/decCohort/fec/client/src/api/qa.js","statementMap":{"0":{"start":{"line":5,"column":19},"end":{"line":29,"column":1}},"1":{"start":{"line":6,"column":17},"end":{"line":9,"column":3}},"2":{"start":{"line":12,"column":25},"end":{"line":12,"column":55}},"3":{"start":{"line":13,"column":15},"end":{"line":13,"column":17}},"4":{"start":{"line":14,"column":2},"end":{"line":17,"column":3}},"5":{"start":{"line":15,"column":16},"end":{"line":15,"column":45}},"6":{"start":{"line":16,"column":4},"end":{"line":16,"column":50}},"7":{"start":{"line":16,"column":33},"end":{"line":16,"column":48}},"8":{"start":{"line":19,"column":17},"end":{"line":22,"column":3}},"9":{"start":{"line":24,"column":2},"end":{"line":28,"column":5}},"10":{"start":{"line":31,"column":28},"end":{"line":35,"column":4}},"11":{"start":{"line":32,"column":2},"end":{"line":35,"column":4}},"12":{"start":{"line":37,"column":26},"end":{"line":41,"column":4}},"13":{"start":{"line":38,"column":2},"end":{"line":41,"column":4}},"14":{"start":{"line":43,"column":23},"end":{"line":47,"column":4}},"15":{"start":{"line":44,"column":2},"end":{"line":47,"column":4}},"16":{"start":{"line":49,"column":21},"end":{"line":53,"column":4}},"17":{"start":{"line":50,"column":2},"end":{"line":53,"column":4}}},"fnMap":{"0":{"name":"(anonymous_0)","decl":{"start":{"line":5,"column":19},"end":{"line":5,"column":20}},"loc":{"start":{"line":5,"column":64},"end":{"line":29,"column":1}},"line":5},"1":{"name":"(anonymous_1)","decl":{"start":{"line":16,"column":21},"end":{"line":16,"column":22}},"loc":{"start":{"line":16,"column":33},"end":{"line":16,"column":48}},"line":16},"2":{"name":"(anonymous_2)","decl":{"start":{"line":31,"column":28},"end":{"line":31,"column":29}},"loc":{"start":{"line":32,"column":2},"end":{"line":35,"column":4}},"line":32},"3":{"name":"(anonymous_3)","decl":{"start":{"line":37,"column":26},"end":{"line":37,"column":27}},"loc":{"start":{"line":38,"column":2},"end":{"line":41,"column":4}},"line":38},"4":{"name":"(anonymous_4)","decl":{"start":{"line":43,"column":23},"end":{"line":43,"column":24}},"loc":{"start":{"line":44,"column":2},"end":{"line":47,"column":4}},"line":44},"5":{"name":"(anonymous_5)","decl":{"start":{"line":49,"column":21},"end":{"line":49,"column":22}},"loc":{"start":{"line":50,"column":2},"end":{"line":53,"column":4}},"line":50}},"branchMap":{"0":{"loc":{"start":{"line":14,"column":2},"end":{"line":17,"column":3}},"type":"if","locations":[{"start":{"line":14,"column":2},"end":{"line":17,"column":3}},{"start":{},"end":{}}],"line":14},"1":{"loc":{"start":{"line":14,"column":6},"end":{"line":14,"column":39}},"type":"binary-expr","locations":[{"start":{"line":14,"column":6},"end":{"line":14,"column":23}},{"start":{"line":14,"column":27},"end":{"line":14,"column":39}}],"line":14},"2":{"loc":{"start":{"line":27,"column":10},"end":{"line":27,"column":55}},"type":"cond-expr","locations":[{"start":{"line":27,"column":32},"end":{"line":27,"column":46}},{"start":{"line":27,"column":49},"end":{"line":27,"column":55}}],"line":27}},"s":{"0":1,"1":0,"2":0,"3":0,"4":0,"5":0,"6":0,"7":0,"8":0,"9":0,"10":1,"11":0,"12":1,"13":0,"14":1,"15":0,"16":1,"17":0},"f":{"0":0,"1":0,"2":0,"3":0,"4":0,"5":0},"b":{"0":[0,0],"1":[0,0],"2":[0,0]},"_coverageSchema":"1a1c01bbd47fc00a2c39e90264f33305004495a9","hash":"09aa23a236d9e0321c39b4ee1fe01100f9f77861"}
,"/Users/patrickk/Desktop/decCohort/fec/client/src/components/ProductDetail/ShareSocialMedia.jsx": {"path":"/Users/patrickk/Desktop/decCohort/fec/client/src/components/ProductDetail/ShareSocialMedia.jsx","statementMap":{"0":{"start":{"line":4,"column":2},"end":{"line":10,"column":4}}},"fnMap":{"0":{"name":"ShareSocialMedia","decl":{"start":{"line":3,"column":24},"end":{"line":3,"column":40}},"loc":{"start":{"line":3,"column":43},"end":{"line":11,"column":1}},"line":3}},"branchMap":{},"s":{"0":3},"f":{"0":3},"b":{},"_coverageSchema":"1a1c01bbd47fc00a2c39e90264f33305004495a9","hash":"eab9536f4ff6c39f945e353f547cbfe19fd91ed1"}
,"/Users/patrickk/Desktop/decCohort/fec/client/src/components/QA/AddQAForm.jsx": {"path":"/Users/patrickk/Desktop/decCohort/fec/client/src/components/QA/AddQAForm.jsx","statementMap":{"0":{"start":{"line":15,"column":19},"end":{"line":15,"column":32}},"1":{"start":{"line":16,"column":26},"end":{"line":20,"column":4}},"2":{"start":{"line":22,"column":30},"end":{"line":26,"column":4}},"3":{"start":{"line":28,"column":28},"end":{"line":28,"column":40}},"4":{"start":{"line":29,"column":36},"end":{"line":29,"column":48}},"5":{"start":{"line":30,"column":36},"end":{"line":30,"column":48}},"6":{"start":{"line":32,"column":22},"end":{"line":42,"column":3}},"7":{"start":{"line":33,"column":28},"end":{"line":33,"column":36}},"8":{"start":{"line":34,"column":4},"end":{"line":34,"column":21}},"9":{"start":{"line":35,"column":4},"end":{"line":35,"column":21}},"10":{"start":{"line":36,"column":24},"end":{"line":39,"column":11}},"11":{"start":{"line":37,"column":18},"end":{"line":37,"column":43}},"12":{"start":{"line":38,"column":6},"end":{"line":38,"column":63}},"13":{"start":{"line":40,"column":4},"end":{"line":40,"column":18}},"14":{"start":{"line":41,"column":4},"end":{"line":41,"column":52}},"15":{"start":{"line":41,"column":23},"end":{"line":41,"column":49}},"16":{"start":{"line":44,"column":23},"end":{"line":55,"column":3}},"17":{"start":{"line":45,"column":16},"end":{"line":45,"column":43}},"18":{"start":{"line":46,"column":4},"end":{"line":46,"column":58}},"19":{"start":{"line":46,"column":33},"end":{"line":46,"column":58}},"20":{"start":{"line":47,"column":4},"end":{"line":52,"column":7}},"21":{"start":{"line":53,"column":4},"end":{"line":53,"column":28}},"22":{"start":{"line":54,"column":4},"end":{"line":54,"column":12}},"23":{"start":{"line":57,"column":2},"end":{"line":122,"column":4}},"24":{"start":{"line":104,"column":27},"end":{"line":104,"column":42}},"25":{"start":{"line":105,"column":33},"end":{"line":105,"column":50}},"26":{"start":{"line":113,"column":26},"end":{"line":113,"column":65}},"27":{"start":{"line":114,"column":12},"end":{"line":114,"column":71}}},"fnMap":{"0":{"name":"AddQAForm","decl":{"start":{"line":9,"column":24},"end":{"line":9,"column":33}},"loc":{"start":{"line":14,"column":3},"end":{"line":123,"column":1}},"line":14},"1":{"name":"(anonymous_1)","decl":{"start":{"line":32,"column":22},"end":{"line":32,"column":23}},"loc":{"start":{"line":32,"column":29},"end":{"line":42,"column":3}},"line":32},"2":{"name":"(anonymous_2)","decl":{"start":{"line":36,"column":33},"end":{"line":36,"column":34}},"loc":{"start":{"line":36,"column":39},"end":{"line":39,"column":5}},"line":36},"3":{"name":"(anonymous_3)","decl":{"start":{"line":41,"column":12},"end":{"line":41,"column":13}},"loc":{"start":{"line":41,"column":23},"end":{"line":41,"column":49}},"line":41},"4":{"name":"(anonymous_4)","decl":{"start":{"line":44,"column":23},"end":{"line":44,"column":24}},"loc":{"start":{"line":44,"column":35},"end":{"line":55,"column":3}},"line":44},"5":{"name":"(anonymous_5)","decl":{"start":{"line":104,"column":20},"end":{"line":104,"column":21}},"loc":{"start":{"line":104,"column":27},"end":{"line":104,"column":42}},"line":104},"6":{"name":"(anonymous_6)","decl":{"start":{"line":105,"column":20},"end":{"line":105,"column":21}},"loc":{"start":{"line":105,"column":33},"end":{"line":105,"column":50}},"line":105},"7":{"name":"(anonymous_7)","decl":{"start":{"line":112,"column":25},"end":{"line":112,"column":26}},"loc":{"start":{"line":112,"column":39},"end":{"line":115,"column":11}},"line":112}},"branchMap":{"0":{"loc":{"start":{"line":10,"column":2},"end":{"line":10,"column":19}},"type":"default-arg","locations":[{"start":{"line":10,"column":9},"end":{"line":10,"column":19}}],"line":10},"1":{"loc":{"start":{"line":38,"column":37},"end":{"line":38,"column":59}},"type":"cond-expr","locations":[{"start":{"line":38,"column":45},"end":{"line":38,"column":54}},{"start":{"line":38,"column":57},"end":{"line":38,"column":59}}],"line":38},"2":{"loc":{"start":{"line":46,"column":4},"end":{"line":46,"column":58}},"type":"if","locations":[{"start":{"line":46,"column":4},"end":{"line":46,"column":58}},{"start":{},"end":{}}],"line":46},"3":{"loc":{"start":{"line":46,"column":8},"end":{"line":46,"column":31}},"type":"binary-expr","locations":[{"start":{"line":46,"column":8},"end":{"line":46,"column":18}},{"start":{"line":46,"column":22},"end":{"line":46,"column":31}}],"line":46},"4":{"loc":{"start":{"line":62,"column":12},"end":{"line":62,"column":45}},"type":"cond-expr","locations":[{"start":{"line":62,"column":32},"end":{"line":62,"column":40}},{"start":{"line":62,"column":43},"end":{"line":62,"column":45}}],"line":62},"5":{"loc":{"start":{"line":78,"column":7},"end":{"line":84,"column":7}},"type":"cond-expr","locations":[{"start":{"line":79,"column":8},"end":{"line":79,"column":59}},{"start":{"line":81,"column":8},"end":{"line":83,"column":15}}],"line":78},"6":{"loc":{"start":{"line":94,"column":7},"end":{"line":98,"column":7}},"type":"cond-expr","locations":[{"start":{"line":95,"column":8},"end":{"line":95,"column":60}},{"start":{"line":97,"column":8},"end":{"line":97,"column":72}}],"line":94},"7":{"loc":{"start":{"line":100,"column":7},"end":{"line":107,"column":7}},"type":"binary-expr","locations":[{"start":{"line":100,"column":7},"end":{"line":100,"column":24}},{"start":{"line":101,"column":8},"end":{"line":106,"column":10}}],"line":100},"8":{"loc":{"start":{"line":109,"column":7},"end":{"line":117,"column":14}},"type":"cond-expr","locations":[{"start":{"line":110,"column":8},"end":{"line":116,"column":15}},{"start":{"line":117,"column":10},"end":{"line":117,"column":14}}],"line":109},"9":{"loc":{"start":{"line":114,"column":19},"end":{"line":114,"column":70}},"type":"cond-expr","locations":[{"start":{"line":114,"column":50},"end":{"line":114,"column":62}},{"start":{"line":114,"column":65},"end":{"line":114,"column":70}}],"line":114}},"s":{"0":1,"1":1,"2":1,"3":1,"4":1,"5":1,"6":1,"7":0,"8":0,"9":0,"10":0,"11":0,"12":0,"13":0,"14":0,"15":0,"16":1,"17":0,"18":0,"19":0,"20":0,"21":0,"22":0,"23":1,"24":0,"25":0,"26":0,"27":0},"f":{"0":1,"1":0,"2":0,"3":0,"4":0,"5":0,"6":0,"7":0},"b":{"0":[1],"1":[0,0],"2":[0,0],"3":[0,0],"4":[0,1],"5":[0,1],"6":[0,1],"7":[1,0],"8":[0,1],"9":[0,0]},"_coverageSchema":"1a1c01bbd47fc00a2c39e90264f33305004495a9","hash":"eb372689b75ab442e4b3c757dd087b6560dfe037"}
,"/Users/patrickk/Desktop/decCohort/fec/client/src/components/QA/AnswerEntry.jsx": {"path":"/Users/patrickk/Desktop/decCohort/fec/client/src/components/QA/AnswerEntry.jsx","statementMap":{"0":{"start":{"line":8,"column":34},"end":{"line":8,"column":49}},"1":{"start":{"line":9,"column":38},"end":{"line":9,"column":53}},"2":{"start":{"line":10,"column":42},"end":{"line":10,"column":54}},"3":{"start":{"line":11,"column":30},"end":{"line":11,"column":45}},"4":{"start":{"line":12,"column":20},"end":{"line":12,"column":52}},"5":{"start":{"line":12,"column":43},"end":{"line":12,"column":51}},"6":{"start":{"line":13,"column":24},"end":{"line":23,"column":3}},"7":{"start":{"line":14,"column":4},"end":{"line":22,"column":5}},"8":{"start":{"line":15,"column":6},"end":{"line":15,"column":29}},"9":{"start":{"line":15,"column":22},"end":{"line":15,"column":29}},"10":{"start":{"line":16,"column":6},"end":{"line":16,"column":36}},"11":{"start":{"line":17,"column":6},"end":{"line":17,"column":26}},"12":{"start":{"line":19,"column":6},"end":{"line":19,"column":27}},"13":{"start":{"line":19,"column":20},"end":{"line":19,"column":27}},"14":{"start":{"line":20,"column":6},"end":{"line":20,"column":41}},"15":{"start":{"line":21,"column":6},"end":{"line":21,"column":24}},"16":{"start":{"line":25,"column":20},"end":{"line":28,"column":3}},"17":{"start":{"line":26,"column":4},"end":{"line":26,"column":25}},"18":{"start":{"line":27,"column":4},"end":{"line":27,"column":20}},"19":{"start":{"line":30,"column":26},"end":{"line":43,"column":3}},"20":{"start":{"line":31,"column":18},"end":{"line":31,"column":64}},"21":{"start":{"line":32,"column":4},"end":{"line":42,"column":6}},"22":{"start":{"line":35,"column":22},"end":{"line":35,"column":29}},"23":{"start":{"line":36,"column":10},"end":{"line":38,"column":11}},"24":{"start":{"line":37,"column":12},"end":{"line":37,"column":43}},"25":{"start":{"line":39,"column":10},"end":{"line":39,"column":22}},"26":{"start":{"line":45,"column":2},"end":{"line":103,"column":4}},"27":{"start":{"line":53,"column":10},"end":{"line":59,"column":16}},"28":{"start":{"line":56,"column":27},"end":{"line":56,"column":43}},"29":{"start":{"line":73,"column":27},"end":{"line":73,"column":42}},"30":{"start":{"line":84,"column":27},"end":{"line":84,"column":50}},"31":{"start":{"line":92,"column":28},"end":{"line":92,"column":44}}},"fnMap":{"0":{"name":"AnswerEntry","decl":{"start":{"line":7,"column":24},"end":{"line":7,"column":35}},"loc":{"start":{"line":7,"column":48},"end":{"line":104,"column":1}},"line":7},"1":{"name":"(anonymous_1)","decl":{"start":{"line":12,"column":32},"end":{"line":12,"column":33}},"loc":{"start":{"line":12,"column":43},"end":{"line":12,"column":51}},"line":12},"2":{"name":"(anonymous_2)","decl":{"start":{"line":13,"column":24},"end":{"line":13,"column":25}},"loc":{"start":{"line":13,"column":49},"end":{"line":23,"column":3}},"line":13},"3":{"name":"(anonymous_3)","decl":{"start":{"line":25,"column":20},"end":{"line":25,"column":21}},"loc":{"start":{"line":25,"column":29},"end":{"line":28,"column":3}},"line":25},"4":{"name":"(anonymous_4)","decl":{"start":{"line":30,"column":26},"end":{"line":30,"column":27}},"loc":{"start":{"line":30,"column":47},"end":{"line":43,"column":3}},"line":30},"5":{"name":"(anonymous_5)","decl":{"start":{"line":34,"column":19},"end":{"line":34,"column":20}},"loc":{"start":{"line":34,"column":34},"end":{"line":40,"column":9}},"line":34},"6":{"name":"(anonymous_6)","decl":{"start":{"line":52,"column":27},"end":{"line":52,"column":28}},"loc":{"start":{"line":53,"column":10},"end":{"line":59,"column":16}},"line":53},"7":{"name":"(anonymous_7)","decl":{"start":{"line":56,"column":21},"end":{"line":56,"column":22}},"loc":{"start":{"line":56,"column":27},"end":{"line":56,"column":43}},"line":56},"8":{"name":"(anonymous_8)","decl":{"start":{"line":73,"column":21},"end":{"line":73,"column":22}},"loc":{"start":{"line":73,"column":27},"end":{"line":73,"column":42}},"line":73},"9":{"name":"(anonymous_9)","decl":{"start":{"line":84,"column":21},"end":{"line":84,"column":22}},"loc":{"start":{"line":84,"column":27},"end":{"line":84,"column":50}},"line":84},"10":{"name":"(anonymous_10)","decl":{"start":{"line":92,"column":22},"end":{"line":92,"column":23}},"loc":{"start":{"line":92,"column":28},"end":{"line":92,"column":44}},"line":92}},"branchMap":{"0":{"loc":{"start":{"line":13,"column":31},"end":{"line":13,"column":44}},"type":"default-arg","locations":[{"start":{"line":13,"column":38},"end":{"line":13,"column":44}}],"line":13},"1":{"loc":{"start":{"line":14,"column":4},"end":{"line":22,"column":5}},"type":"if","locations":[{"start":{"line":14,"column":4},"end":{"line":22,"column":5}},{"start":{"line":18,"column":11},"end":{"line":22,"column":5}}],"line":14},"2":{"loc":{"start":{"line":15,"column":6},"end":{"line":15,"column":29}},"type":"if","locations":[{"start":{"line":15,"column":6},"end":{"line":15,"column":29}},{"start":{},"end":{}}],"line":15},"3":{"loc":{"start":{"line":19,"column":6},"end":{"line":19,"column":27}},"type":"if","locations":[{"start":{"line":19,"column":6},"end":{"line":19,"column":27}},{"start":{},"end":{}}],"line":19},"4":{"loc":{"start":{"line":36,"column":10},"end":{"line":38,"column":11}},"type":"if","locations":[{"start":{"line":36,"column":10},"end":{"line":38,"column":11}},{"start":{},"end":{}}],"line":36},"5":{"loc":{"start":{"line":77,"column":12},"end":{"line":77,"column":66}},"type":"cond-expr","locations":[{"start":{"line":77,"column":23},"end":{"line":77,"column":45}},{"start":{"line":77,"column":48},"end":{"line":77,"column":66}}],"line":77},"6":{"loc":{"start":{"line":86,"column":13},"end":{"line":86,"column":47}},"type":"cond-expr","locations":[{"start":{"line":86,"column":26},"end":{"line":86,"column":36}},{"start":{"line":86,"column":39},"end":{"line":86,"column":47}}],"line":86},"7":{"loc":{"start":{"line":91,"column":7},"end":{"line":101,"column":7}},"type":"binary-expr","locations":[{"start":{"line":91,"column":7},"end":{"line":91,"column":13}},{"start":{"line":92,"column":8},"end":{"line":100,"column":16}}],"line":91}},"s":{"0":10,"1":10,"2":10,"3":10,"4":10,"5":12,"6":10,"7":0,"8":0,"9":0,"10":0,"11":0,"12":0,"13":0,"14":0,"15":0,"16":10,"17":0,"18":0,"19":10,"20":10,"21":10,"22":974,"23":974,"24":482,"25":492,"26":10,"27":6,"28":0,"29":0,"30":0,"31":0},"f":{"0":10,"1":12,"2":0,"3":0,"4":10,"5":974,"6":6,"7":0,"8":0,"9":0,"10":0},"b":{"0":[0],"1":[0,0],"2":[0,0],"3":[0,0],"4":[482,492],"5":[0,10],"6":[0,10],"7":[10,0]},"_coverageSchema":"1a1c01bbd47fc00a2c39e90264f33305004495a9","hash":"0d026c5ea9d7e47854ac64f5856e2d6eae68a3ca"}
,"/Users/patrickk/Desktop/decCohort/fec/client/src/components/QA/QAList.jsx": {"path":"/Users/patrickk/Desktop/decCohort/fec/client/src/components/QA/QAList.jsx","statementMap":{"0":{"start":{"line":11,"column":19},"end":{"line":11,"column":32}},"1":{"start":{"line":12,"column":50},"end":{"line":14,"column":3}},"2":{"start":{"line":13,"column":15},"end":{"line":13,"column":23}},"3":{"start":{"line":15,"column":30},"end":{"line":15,"column":45}},"4":{"start":{"line":16,"column":42},"end":{"line":16,"column":57}},"5":{"start":{"line":18,"column":19},"end":{"line":21,"column":3}},"6":{"start":{"line":19,"column":4},"end":{"line":19,"column":34}},"7":{"start":{"line":20,"column":4},"end":{"line":20,"column":26}},"8":{"start":{"line":23,"column":14},"end":{"line":23,"column":22}},"9":{"start":{"line":24,"column":23},"end":{"line":35,"column":8}},"10":{"start":{"line":25,"column":4},"end":{"line":25,"column":46}},"11":{"start":{"line":25,"column":21},"end":{"line":25,"column":46}},"12":{"start":{"line":26,"column":4},"end":{"line":33,"column":7}},"13":{"start":{"line":27,"column":6},"end":{"line":32,"column":7}},"14":{"start":{"line":28,"column":21},"end":{"line":30,"column":10}},"15":{"start":{"line":29,"column":10},"end":{"line":29,"column":40}},"16":{"start":{"line":31,"column":8},"end":{"line":31,"column":15}},"17":{"start":{"line":34,"column":4},"end":{"line":34,"column":40}},"18":{"start":{"line":34,"column":14},"end":{"line":34,"column":40}},"19":{"start":{"line":37,"column":2},"end":{"line":39,"column":9}},"20":{"start":{"line":38,"column":4},"end":{"line":38,"column":22}},"21":{"start":{"line":41,"column":2},"end":{"line":99,"column":4}},"22":{"start":{"line":48,"column":27},"end":{"line":48,"column":42}},"23":{"start":{"line":60,"column":12},"end":{"line":69,"column":18}},"24":{"start":{"line":78,"column":25},"end":{"line":78,"column":35}},"25":{"start":{"line":87,"column":25},"end":{"line":87,"column":40}},"26":{"start":{"line":94,"column":28},"end":{"line":94,"column":44}},"27":{"start":{"line":95,"column":34},"end":{"line":95,"column":50}}},"fnMap":{"0":{"name":"QAList","decl":{"start":{"line":10,"column":24},"end":{"line":10,"column":30}},"loc":{"start":{"line":10,"column":33},"end":{"line":100,"column":1}},"line":10},"1":{"name":"(anonymous_1)","decl":{"start":{"line":13,"column":4},"end":{"line":13,"column":5}},"loc":{"start":{"line":13,"column":15},"end":{"line":13,"column":23}},"line":13},"2":{"name":"(anonymous_2)","decl":{"start":{"line":18,"column":19},"end":{"line":18,"column":20}},"loc":{"start":{"line":18,"column":25},"end":{"line":21,"column":3}},"line":18},"3":{"name":"(anonymous_3)","decl":{"start":{"line":24,"column":35},"end":{"line":24,"column":36}},"loc":{"start":{"line":24,"column":45},"end":{"line":35,"column":3}},"line":24},"4":{"name":"(anonymous_4)","decl":{"start":{"line":26,"column":43},"end":{"line":26,"column":44}},"loc":{"start":{"line":26,"column":56},"end":{"line":33,"column":5}},"line":26},"5":{"name":"(anonymous_5)","decl":{"start":{"line":28,"column":30},"end":{"line":28,"column":31}},"loc":{"start":{"line":28,"column":36},"end":{"line":30,"column":9}},"line":28},"6":{"name":"(anonymous_6)","decl":{"start":{"line":37,"column":12},"end":{"line":37,"column":13}},"loc":{"start":{"line":37,"column":18},"end":{"line":39,"column":3}},"line":37},"7":{"name":"(anonymous_7)","decl":{"start":{"line":48,"column":21},"end":{"line":48,"column":22}},"loc":{"start":{"line":48,"column":27},"end":{"line":48,"column":42}},"line":48},"8":{"name":"(anonymous_8)","decl":{"start":{"line":59,"column":25},"end":{"line":59,"column":26}},"loc":{"start":{"line":60,"column":12},"end":{"line":69,"column":18}},"line":60},"9":{"name":"(anonymous_9)","decl":{"start":{"line":78,"column":19},"end":{"line":78,"column":20}},"loc":{"start":{"line":78,"column":25},"end":{"line":78,"column":35}},"line":78},"10":{"name":"(anonymous_10)","decl":{"start":{"line":87,"column":19},"end":{"line":87,"column":20}},"loc":{"start":{"line":87,"column":25},"end":{"line":87,"column":40}},"line":87},"11":{"name":"(anonymous_11)","decl":{"start":{"line":94,"column":22},"end":{"line":94,"column":23}},"loc":{"start":{"line":94,"column":28},"end":{"line":94,"column":44}},"line":94},"12":{"name":"(anonymous_12)","decl":{"start":{"line":95,"column":28},"end":{"line":95,"column":29}},"loc":{"start":{"line":95,"column":34},"end":{"line":95,"column":50}},"line":95}},"branchMap":{"0":{"loc":{"start":{"line":25,"column":4},"end":{"line":25,"column":46}},"type":"if","locations":[{"start":{"line":25,"column":4},"end":{"line":25,"column":46}},{"start":{},"end":{}}],"line":25},"1":{"loc":{"start":{"line":27,"column":6},"end":{"line":32,"column":7}},"type":"if","locations":[{"start":{"line":27,"column":6},"end":{"line":32,"column":7}},{"start":{},"end":{}}],"line":27},"2":{"loc":{"start":{"line":34,"column":4},"end":{"line":34,"column":40}},"type":"if","locations":[{"start":{"line":34,"column":4},"end":{"line":34,"column":40}},{"start":{},"end":{}}],"line":34},"3":{"loc":{"start":{"line":44,"column":9},"end":{"line":52,"column":9}},"type":"binary-expr","locations":[{"start":{"line":44,"column":9},"end":{"line":44,"column":19}},{"start":{"line":44,"column":23},"end":{"line":44,"column":44}},{"start":{"line":45,"column":10},"end":{"line":51,"column":19}}],"line":44},"4":{"loc":{"start":{"line":63,"column":16},"end":{"line":65,"column":24}},"type":"cond-expr","locations":[{"start":{"line":64,"column":20},"end":{"line":64,"column":32}},{"start":{"line":65,"column":20},"end":{"line":65,"column":24}}],"line":63},"5":{"loc":{"start":{"line":63,"column":16},"end":{"line":63,"column":60}},"type":"binary-expr","locations":[{"start":{"line":63,"column":16},"end":{"line":63,"column":44}},{"start":{"line":63,"column":48},"end":{"line":63,"column":60}}],"line":63},"6":{"loc":{"start":{"line":74,"column":7},"end":{"line":82,"column":7}},"type":"binary-expr","locations":[{"start":{"line":74,"column":7},"end":{"line":74,"column":20}},{"start":{"line":74,"column":24},"end":{"line":74,"column":48}},{"start":{"line":75,"column":8},"end":{"line":81,"column":17}}],"line":74},"7":{"loc":{"start":{"line":83,"column":7},"end":{"line":91,"column":7}},"type":"binary-expr","locations":[{"start":{"line":83,"column":7},"end":{"line":83,"column":31}},{"start":{"line":84,"column":8},"end":{"line":90,"column":17}}],"line":83},"8":{"loc":{"start":{"line":93,"column":7},"end":{"line":97,"column":7}},"type":"binary-expr","locations":[{"start":{"line":93,"column":7},"end":{"line":93,"column":13}},{"start":{"line":94,"column":8},"end":{"line":96,"column":16}}],"line":93}},"s":{"0":6,"1":6,"2":9,"3":6,"4":6,"5":6,"6":1,"7":1,"8":6,"9":6,"10":2,"11":1,"12":2,"13":0,"14":0,"15":0,"16":0,"17":2,"18":1,"19":6,"20":2,"21":6,"22":0,"23":14,"24":1,"25":1,"26":0,"27":0},"f":{"0":6,"1":9,"2":1,"3":2,"4":0,"5":0,"6":2,"7":0,"8":14,"9":1,"10":1,"11":0,"12":0},"b":{"0":[1,1],"1":[0,0],"2":[1,1],"3":[6,2,0],"4":[1,13],"5":[14,6],"6":[6,5,5],"7":[6,6],"8":[6,1]},"_coverageSchema":"1a1c01bbd47fc00a2c39e90264f33305004495a9","hash":"fc63edf1ec1471fde7ad273eac2e0fa8c2fa2646"}
,"/Users/patrickk/Desktop/decCohort/fec/client/src/components/QA/QAListEntry.jsx": {"path":"/Users/patrickk/Desktop/decCohort/fec/client/src/components/QA/QAListEntry.jsx","statementMap":{"0":{"start":{"line":9,"column":20},"end":{"line":9,"column":52}},"1":{"start":{"line":9,"column":43},"end":{"line":9,"column":51}},"2":{"start":{"line":10,"column":30},"end":{"line":10,"column":45}},"3":{"start":{"line":11,"column":40},"end":{"line":11,"column":51}},"4":{"start":{"line":13,"column":18},"end":{"line":18,"column":50}},"5":{"start":{"line":14,"column":26},"end":{"line":17,"column":5}},"6":{"start":{"line":18,"column":20},"end":{"line":18,"column":49}},"7":{"start":{"line":20,"column":34},"end":{"line":20,"column":49}},"8":{"start":{"line":21,"column":38},"end":{"line":21,"column":53}},"9":{"start":{"line":23,"column":24},"end":{"line":33,"column":3}},"10":{"start":{"line":24,"column":4},"end":{"line":32,"column":5}},"11":{"start":{"line":25,"column":6},"end":{"line":25,"column":29}},"12":{"start":{"line":25,"column":22},"end":{"line":25,"column":29}},"13":{"start":{"line":26,"column":6},"end":{"line":26,"column":49}},"14":{"start":{"line":27,"column":6},"end":{"line":27,"column":26}},"15":{"start":{"line":29,"column":6},"end":{"line":29,"column":27}},"16":{"start":{"line":29,"column":20},"end":{"line":29,"column":27}},"17":{"start":{"line":30,"column":6},"end":{"line":30,"column":54}},"18":{"start":{"line":31,"column":6},"end":{"line":31,"column":24}},"19":{"start":{"line":35,"column":26},"end":{"line":48,"column":3}},"20":{"start":{"line":36,"column":18},"end":{"line":36,"column":64}},"21":{"start":{"line":37,"column":4},"end":{"line":47,"column":6}},"22":{"start":{"line":40,"column":22},"end":{"line":40,"column":29}},"23":{"start":{"line":41,"column":10},"end":{"line":43,"column":11}},"24":{"start":{"line":42,"column":12},"end":{"line":42,"column":43}},"25":{"start":{"line":44,"column":10},"end":{"line":44,"column":22}},"26":{"start":{"line":50,"column":2},"end":{"line":131,"column":4}},"27":{"start":{"line":55,"column":45},"end":{"line":55,"column":60}},"28":{"start":{"line":75,"column":31},"end":{"line":75,"column":46}},"29":{"start":{"line":89,"column":29},"end":{"line":89,"column":52}},"30":{"start":{"line":100,"column":8},"end":{"line":100,"column":63}},"31":{"start":{"line":107,"column":27},"end":{"line":107,"column":61}},"32":{"start":{"line":107,"column":52},"end":{"line":107,"column":60}},"33":{"start":{"line":113,"column":47},"end":{"line":113,"column":64}},"34":{"start":{"line":120,"column":28},"end":{"line":120,"column":44}},"35":{"start":{"line":125,"column":25},"end":{"line":125,"column":41}}},"fnMap":{"0":{"name":"QAListEntry","decl":{"start":{"line":8,"column":24},"end":{"line":8,"column":35}},"loc":{"start":{"line":8,"column":50},"end":{"line":132,"column":1}},"line":8},"1":{"name":"(anonymous_1)","decl":{"start":{"line":9,"column":32},"end":{"line":9,"column":33}},"loc":{"start":{"line":9,"column":43},"end":{"line":9,"column":51}},"line":9},"2":{"name":"(anonymous_2)","decl":{"start":{"line":14,"column":9},"end":{"line":14,"column":10}},"loc":{"start":{"line":14,"column":26},"end":{"line":17,"column":5}},"line":14},"3":{"name":"(anonymous_3)","decl":{"start":{"line":18,"column":10},"end":{"line":18,"column":11}},"loc":{"start":{"line":18,"column":20},"end":{"line":18,"column":49}},"line":18},"4":{"name":"(anonymous_4)","decl":{"start":{"line":23,"column":24},"end":{"line":23,"column":25}},"loc":{"start":{"line":23,"column":49},"end":{"line":33,"column":3}},"line":23},"5":{"name":"(anonymous_5)","decl":{"start":{"line":35,"column":26},"end":{"line":35,"column":27}},"loc":{"start":{"line":35,"column":47},"end":{"line":48,"column":3}},"line":35},"6":{"name":"(anonymous_6)","decl":{"start":{"line":39,"column":19},"end":{"line":39,"column":20}},"loc":{"start":{"line":39,"column":34},"end":{"line":45,"column":9}},"line":39},"7":{"name":"(anonymous_7)","decl":{"start":{"line":55,"column":39},"end":{"line":55,"column":40}},"loc":{"start":{"line":55,"column":45},"end":{"line":55,"column":60}},"line":55},"8":{"name":"(anonymous_8)","decl":{"start":{"line":75,"column":25},"end":{"line":75,"column":26}},"loc":{"start":{"line":75,"column":31},"end":{"line":75,"column":46}},"line":75},"9":{"name":"(anonymous_9)","decl":{"start":{"line":89,"column":23},"end":{"line":89,"column":24}},"loc":{"start":{"line":89,"column":29},"end":{"line":89,"column":52}},"line":89},"10":{"name":"(anonymous_10)","decl":{"start":{"line":99,"column":41},"end":{"line":99,"column":42}},"loc":{"start":{"line":100,"column":8},"end":{"line":100,"column":63}},"line":100},"11":{"name":"(anonymous_11)","decl":{"start":{"line":107,"column":21},"end":{"line":107,"column":22}},"loc":{"start":{"line":107,"column":27},"end":{"line":107,"column":61}},"line":107},"12":{"name":"(anonymous_12)","decl":{"start":{"line":107,"column":42},"end":{"line":107,"column":43}},"loc":{"start":{"line":107,"column":52},"end":{"line":107,"column":60}},"line":107},"13":{"name":"(anonymous_13)","decl":{"start":{"line":113,"column":41},"end":{"line":113,"column":42}},"loc":{"start":{"line":113,"column":47},"end":{"line":113,"column":64}},"line":113},"14":{"name":"(anonymous_14)","decl":{"start":{"line":120,"column":22},"end":{"line":120,"column":23}},"loc":{"start":{"line":120,"column":28},"end":{"line":120,"column":44}},"line":120},"15":{"name":"(anonymous_15)","decl":{"start":{"line":125,"column":19},"end":{"line":125,"column":20}},"loc":{"start":{"line":125,"column":25},"end":{"line":125,"column":41}},"line":125}},"branchMap":{"0":{"loc":{"start":{"line":23,"column":31},"end":{"line":23,"column":44}},"type":"default-arg","locations":[{"start":{"line":23,"column":38},"end":{"line":23,"column":44}}],"line":23},"1":{"loc":{"start":{"line":24,"column":4},"end":{"line":32,"column":5}},"type":"if","locations":[{"start":{"line":24,"column":4},"end":{"line":32,"column":5}},{"start":{"line":28,"column":11},"end":{"line":32,"column":5}}],"line":24},"2":{"loc":{"start":{"line":25,"column":6},"end":{"line":25,"column":29}},"type":"if","locations":[{"start":{"line":25,"column":6},"end":{"line":25,"column":29}},{"start":{},"end":{}}],"line":25},"3":{"loc":{"start":{"line":29,"column":6},"end":{"line":29,"column":27}},"type":"if","locations":[{"start":{"line":29,"column":6},"end":{"line":29,"column":27}},{"start":{},"end":{}}],"line":29},"4":{"loc":{"start":{"line":41,"column":10},"end":{"line":43,"column":11}},"type":"if","locations":[{"start":{"line":41,"column":10},"end":{"line":43,"column":11}},{"start":{},"end":{}}],"line":41},"5":{"loc":{"start":{"line":80,"column":15},"end":{"line":82,"column":47}},"type":"cond-expr","locations":[{"start":{"line":81,"column":18},"end":{"line":81,"column":51}},{"start":{"line":82,"column":18},"end":{"line":82,"column":47}}],"line":80},"6":{"loc":{"start":{"line":91,"column":15},"end":{"line":91,"column":49}},"type":"cond-expr","locations":[{"start":{"line":91,"column":28},"end":{"line":91,"column":38}},{"start":{"line":91,"column":41},"end":{"line":91,"column":49}}],"line":91},"7":{"loc":{"start":{"line":104,"column":9},"end":{"line":111,"column":9}},"type":"binary-expr","locations":[{"start":{"line":104,"column":9},"end":{"line":104,"column":61}},{"start":{"line":105,"column":10},"end":{"line":110,"column":19}}],"line":104},"8":{"loc":{"start":{"line":112,"column":9},"end":{"line":116,"column":9}},"type":"binary-expr","locations":[{"start":{"line":112,"column":9},"end":{"line":112,"column":24}},{"start":{"line":113,"column":10},"end":{"line":115,"column":19}}],"line":112},"9":{"loc":{"start":{"line":119,"column":7},"end":{"line":128,"column":7}},"type":"binary-expr","locations":[{"start":{"line":119,"column":7},"end":{"line":119,"column":13}},{"start":{"line":120,"column":8},"end":{"line":127,"column":16}}],"line":119}},"s":{"0":10,"1":12,"2":10,"3":10,"4":10,"5":10,"6":0,"7":10,"8":10,"9":10,"10":0,"11":0,"12":0,"13":0,"14":0,"15":0,"16":0,"17":0,"18":0,"19":10,"20":10,"21":10,"22":896,"23":896,"24":443,"25":453,"26":10,"27":0,"28":0,"29":0,"30":10,"31":0,"32":0,"33":0,"34":0,"35":0},"f":{"0":10,"1":12,"2":10,"3":0,"4":0,"5":10,"6":896,"7":0,"8":0,"9":0,"10":10,"11":0,"12":0,"13":0,"14":0,"15":0},"b":{"0":[0],"1":[0,0],"2":[0,0],"3":[0,0],"4":[443,453],"5":[0,10],"6":[0,10],"7":[10,0],"8":[10,0],"9":[10,0]},"_coverageSchema":"1a1c01bbd47fc00a2c39e90264f33305004495a9","hash":"1f668e524bf5cc7b794253d93b6039815893e80f"}
,"/Users/patrickk/Desktop/decCohort/fec/client/src/components/common/Accordion.jsx": {"path":"/Users/patrickk/Desktop/decCohort/fec/client/src/components/common/Accordion.jsx","statementMap":{"0":{"start":{"line":4,"column":34},"end":{"line":4,"column":49}},"1":{"start":{"line":6,"column":2},"end":{"line":8,"column":20}},"2":{"start":{"line":7,"column":4},"end":{"line":7,"column":29}},"3":{"start":{"line":10,"column":2},"end":{"line":30,"column":4}},"4":{"start":{"line":16,"column":25},"end":{"line":16,"column":47}}},"fnMap":{"0":{"name":"Accordion","decl":{"start":{"line":3,"column":24},"end":{"line":3,"column":33}},"loc":{"start":{"line":3,"column":68},"end":{"line":31,"column":1}},"line":3},"1":{"name":"(anonymous_1)","decl":{"start":{"line":6,"column":12},"end":{"line":6,"column":13}},"loc":{"start":{"line":6,"column":18},"end":{"line":8,"column":3}},"line":6},"2":{"name":"(anonymous_2)","decl":{"start":{"line":16,"column":19},"end":{"line":16,"column":20}},"loc":{"start":{"line":16,"column":25},"end":{"line":16,"column":47}},"line":16}},"branchMap":{"0":{"loc":{"start":{"line":20,"column":14},"end":{"line":20,"column":78}},"type":"cond-expr","locations":[{"start":{"line":20,"column":25},"end":{"line":20,"column":49}},{"start":{"line":20,"column":52},"end":{"line":20,"column":78}}],"line":20},"1":{"loc":{"start":{"line":26,"column":22},"end":{"line":26,"column":57}},"type":"cond-expr","locations":[{"start":{"line":26,"column":33},"end":{"line":26,"column":43}},{"start":{"line":26,"column":46},"end":{"line":26,"column":57}}],"line":26},"2":{"loc":{"start":{"line":27,"column":9},"end":{"line":27,"column":29}},"type":"binary-expr","locations":[{"start":{"line":27,"column":9},"end":{"line":27,"column":17}},{"start":{"line":27,"column":21},"end":{"line":27,"column":29}}],"line":27}},"s":{"0":6,"1":6,"2":2,"3":6,"4":0},"f":{"0":6,"1":2,"2":0},"b":{"0":[4,2],"1":[4,2],"2":[6,4]},"_coverageSchema":"1a1c01bbd47fc00a2c39e90264f33305004495a9","hash":"97c8981687c595061c26114afadbe982d099a867"}
,"/Users/patrickk/Desktop/decCohort/fec/client/src/components/common/Modal.jsx": {"path":"/Users/patrickk/Desktop/decCohort/fec/client/src/components/common/Modal.jsx","statementMap":{"0":{"start":{"line":5,"column":2},"end":{"line":17,"column":4}},"1":{"start":{"line":7,"column":55},"end":{"line":7,"column":74}}},"fnMap":{"0":{"name":"Modal","decl":{"start":{"line":4,"column":24},"end":{"line":4,"column":29}},"loc":{"start":{"line":4,"column":51},"end":{"line":18,"column":1}},"line":4},"1":{"name":"(anonymous_1)","decl":{"start":{"line":7,"column":48},"end":{"line":7,"column":49}},"loc":{"start":{"line":7,"column":55},"end":{"line":7,"column":74}},"line":7}},"branchMap":{},"s":{"0":1,"1":0},"f":{"0":1,"1":0},"b":{},"_coverageSchema":"1a1c01bbd47fc00a2c39e90264f33305004495a9","hash":"5558bf6a2685416a45f064bfddf7760dfa5a6e2d"}
,"/Users/patrickk/Desktop/decCohort/fec/client/src/components/common/UploadFile.jsx": {"path":"/Users/patrickk/Desktop/decCohort/fec/client/src/components/common/UploadFile.jsx","statementMap":{"0":{"start":{"line":4,"column":22},"end":{"line":10,"column":3}},"1":{"start":{"line":5,"column":4},"end":{"line":7,"column":5}},"2":{"start":{"line":6,"column":6},"end":{"line":6,"column":56}},"3":{"start":{"line":8,"column":4},"end":{"line":8,"column":56}},"4":{"start":{"line":9,"column":4},"end":{"line":9,"column":17}},"5":{"start":{"line":11,"column":2},"end":{"line":48,"column":4}},"6":{"start":{"line":31,"column":12},"end":{"line":43,"column":18}},"7":{"start":{"line":37,"column":35},"end":{"line":39,"column":19}},"8":{"start":{"line":38,"column":30},"end":{"line":38,"column":53}},"9":{"start":{"line":40,"column":18},"end":{"line":40,"column":37}}},"fnMap":{"0":{"name":"UploadFile","decl":{"start":{"line":3,"column":24},"end":{"line":3,"column":34}},"loc":{"start":{"line":3,"column":77},"end":{"line":49,"column":1}},"line":3},"1":{"name":"(anonymous_1)","decl":{"start":{"line":4,"column":22},"end":{"line":4,"column":23}},"loc":{"start":{"line":4,"column":29},"end":{"line":10,"column":3}},"line":4},"2":{"name":"(anonymous_2)","decl":{"start":{"line":30,"column":21},"end":{"line":30,"column":22}},"loc":{"start":{"line":31,"column":12},"end":{"line":43,"column":18}},"line":31},"3":{"name":"(anonymous_3)","decl":{"start":{"line":36,"column":25},"end":{"line":36,"column":26}},"loc":{"start":{"line":36,"column":31},"end":{"line":41,"column":17}},"line":36},"4":{"name":"(anonymous_4)","decl":{"start":{"line":38,"column":20},"end":{"line":38,"column":21}},"loc":{"start":{"line":38,"column":30},"end":{"line":38,"column":53}},"line":38}},"branchMap":{"0":{"loc":{"start":{"line":5,"column":4},"end":{"line":7,"column":5}},"type":"if","locations":[{"start":{"line":5,"column":4},"end":{"line":7,"column":5}},{"start":{},"end":{}}],"line":5},"1":{"loc":{"start":{"line":25,"column":15},"end":{"line":25,"column":66}},"type":"binary-expr","locations":[{"start":{"line":25,"column":15},"end":{"line":25,"column":31}},{"start":{"line":25,"column":35},"end":{"line":25,"column":66}}],"line":25},"2":{"loc":{"start":{"line":27,"column":7},"end":{"line":27,"column":69}},"type":"binary-expr","locations":[{"start":{"line":27,"column":7},"end":{"line":27,"column":16}},{"start":{"line":27,"column":20},"end":{"line":27,"column":69}}],"line":27},"3":{"loc":{"start":{"line":28,"column":7},"end":{"line":46,"column":7}},"type":"binary-expr","locations":[{"start":{"line":28,"column":7},"end":{"line":28,"column":23}},{"start":{"line":29,"column":8},"end":{"line":45,"column":14}}],"line":28}},"s":{"0":0,"1":0,"2":0,"3":0,"4":0,"5":0,"6":0,"7":0,"8":0,"9":0},"f":{"0":0,"1":0,"2":0,"3":0,"4":0},"b":{"0":[0,0],"1":[0,0],"2":[0,0],"3":[0,0]},"_coverageSchema":"1a1c01bbd47fc00a2c39e90264f33305004495a9","hash":"f86438270a4196d351199a4a542c2dc0725dc408"}
,"/Users/patrickk/Desktop/decCohort/fec/client/src/components/itemsComparison/Outfit.jsx": {"path":"/Users/patrickk/Desktop/decCohort/fec/client/src/components/itemsComparison/Outfit.jsx","statementMap":{"0":{"start":{"line":5,"column":2},"end":{"line":23,"column":4}},"1":{"start":{"line":11,"column":72},"end":{"line":11,"column":102}}},"fnMap":{"0":{"name":"Outfit","decl":{"start":{"line":4,"column":24},"end":{"line":4,"column":30}},"loc":{"start":{"line":4,"column":68},"end":{"line":24,"column":1}},"line":4},"1":{"name":"(anonymous_1)","decl":{"start":{"line":11,"column":65},"end":{"line":11,"column":66}},"loc":{"start":{"line":11,"column":72},"end":{"line":11,"column":102}},"line":11}},"branchMap":{"0":{"loc":{"start":{"line":14,"column":9},"end":{"line":20,"column":99}},"type":"cond-expr","locations":[{"start":{"line":15,"column":10},"end":{"line":18,"column":16}},{"start":{"line":20,"column":10},"end":{"line":20,"column":99}}],"line":14}},"s":{"0":4,"1":1},"f":{"0":4,"1":1},"b":{"0":[1,3]},"_coverageSchema":"1a1c01bbd47fc00a2c39e90264f33305004495a9","hash":"92bf1feb63da08efe048e632563a662feebaefcf"}
,"/Users/patrickk/Desktop/decCohort/fec/client/src/components/itemsComparison/OutfitList.jsx": {"path":"/Users/patrickk/Desktop/decCohort/fec/client/src/components/itemsComparison/OutfitList.jsx","statementMap":{"0":{"start":{"line":6,"column":29},"end":{"line":6,"column":61}},"1":{"start":{"line":6,"column":52},"end":{"line":6,"column":60}},"2":{"start":{"line":7,"column":38},"end":{"line":7,"column":56}},"3":{"start":{"line":8,"column":52},"end":{"line":8,"column":73}},"4":{"start":{"line":9,"column":46},"end":{"line":9,"column":66}},"5":{"start":{"line":10,"column":36},"end":{"line":10,"column":54}},"6":{"start":{"line":11,"column":34},"end":{"line":11,"column":52}},"7":{"start":{"line":13,"column":24},"end":{"line":44,"column":3}},"8":{"start":{"line":14,"column":27},"end":{"line":14,"column":86}},"9":{"start":{"line":14,"column":56},"end":{"line":14,"column":85}},"10":{"start":{"line":16,"column":20},"end":{"line":23,"column":5}},"11":{"start":{"line":25,"column":20},"end":{"line":30,"column":6}},"12":{"start":{"line":26,"column":6},"end":{"line":28,"column":7}},"13":{"start":{"line":27,"column":8},"end":{"line":27,"column":20}},"14":{"start":{"line":29,"column":6},"end":{"line":29,"column":19}},"15":{"start":{"line":32,"column":4},"end":{"line":34,"column":5}},"16":{"start":{"line":33,"column":6},"end":{"line":33,"column":46}},"17":{"start":{"line":36,"column":4},"end":{"line":43,"column":8}},"18":{"start":{"line":46,"column":29},"end":{"line":51,"column":3}},"19":{"start":{"line":47,"column":31},"end":{"line":47,"column":42}},"20":{"start":{"line":48,"column":20},"end":{"line":48,"column":87}},"21":{"start":{"line":48,"column":51},"end":{"line":48,"column":86}},"22":{"start":{"line":49,"column":4},"end":{"line":49,"column":27}},"23":{"start":{"line":50,"column":4},"end":{"line":50,"column":32}},"24":{"start":{"line":53,"column":29},"end":{"line":63,"column":3}},"25":{"start":{"line":54,"column":4},"end":{"line":56,"column":5}},"26":{"start":{"line":55,"column":6},"end":{"line":55,"column":47}},"27":{"start":{"line":57,"column":4},"end":{"line":59,"column":5}},"28":{"start":{"line":58,"column":6},"end":{"line":58,"column":27}},"29":{"start":{"line":60,"column":4},"end":{"line":60,"column":32}},"30":{"start":{"line":61,"column":4},"end":{"line":61,"column":30}},"31":{"start":{"line":62,"column":4},"end":{"line":62,"column":114}},"32":{"start":{"line":65,"column":25},"end":{"line":76,"column":3}},"33":{"start":{"line":66,"column":4},"end":{"line":68,"column":5}},"34":{"start":{"line":67,"column":6},"end":{"line":67,"column":28}},"35":{"start":{"line":70,"column":4},"end":{"line":72,"column":5}},"36":{"start":{"line":71,"column":6},"end":{"line":71,"column":30}},"37":{"start":{"line":73,"column":4},"end":{"line":73,"column":32}},"38":{"start":{"line":74,"column":4},"end":{"line":74,"column":30}},"39":{"start":{"line":75,"column":4},"end":{"line":75,"column":113}},"40":{"start":{"line":78,"column":2},"end":{"line":81,"column":9}},"41":{"start":{"line":79,"column":21},"end":{"line":79,"column":86}},"42":{"start":{"line":79,"column":66},"end":{"line":79,"column":85}},"43":{"start":{"line":80,"column":4},"end":{"line":80,"column":28}},"44":{"start":{"line":83,"column":12},"end":{"line":83,"column":14}},"45":{"start":{"line":85,"column":2},"end":{"line":123,"column":4}},"46":{"start":{"line":105,"column":14},"end":{"line":111,"column":16}}},"fnMap":{"0":{"name":"OutfitList","decl":{"start":{"line":5,"column":24},"end":{"line":5,"column":34}},"loc":{"start":{"line":5,"column":52},"end":{"line":124,"column":1}},"line":5},"1":{"name":"(anonymous_1)","decl":{"start":{"line":6,"column":41},"end":{"line":6,"column":42}},"loc":{"start":{"line":6,"column":52},"end":{"line":6,"column":60}},"line":6},"2":{"name":"(anonymous_2)","decl":{"start":{"line":13,"column":24},"end":{"line":13,"column":25}},"loc":{"start":{"line":13,"column":30},"end":{"line":44,"column":3}},"line":13},"3":{"name":"(anonymous_3)","decl":{"start":{"line":14,"column":46},"end":{"line":14,"column":47}},"loc":{"start":{"line":14,"column":56},"end":{"line":14,"column":85}},"line":14},"4":{"name":"(anonymous_4)","decl":{"start":{"line":25,"column":36},"end":{"line":25,"column":37}},"loc":{"start":{"line":25,"column":47},"end":{"line":30,"column":5}},"line":25},"5":{"name":"(anonymous_5)","decl":{"start":{"line":46,"column":29},"end":{"line":46,"column":30}},"loc":{"start":{"line":46,"column":40},"end":{"line":51,"column":3}},"line":46},"6":{"name":"(anonymous_6)","decl":{"start":{"line":48,"column":38},"end":{"line":48,"column":39}},"loc":{"start":{"line":48,"column":51},"end":{"line":48,"column":86}},"line":48},"7":{"name":"(anonymous_7)","decl":{"start":{"line":53,"column":29},"end":{"line":53,"column":30}},"loc":{"start":{"line":53,"column":35},"end":{"line":63,"column":3}},"line":53},"8":{"name":"(anonymous_8)","decl":{"start":{"line":65,"column":25},"end":{"line":65,"column":26}},"loc":{"start":{"line":65,"column":31},"end":{"line":76,"column":3}},"line":65},"9":{"name":"(anonymous_9)","decl":{"start":{"line":78,"column":18},"end":{"line":78,"column":19}},"loc":{"start":{"line":78,"column":24},"end":{"line":81,"column":3}},"line":78},"10":{"name":"(anonymous_10)","decl":{"start":{"line":79,"column":53},"end":{"line":79,"column":54}},"loc":{"start":{"line":79,"column":66},"end":{"line":79,"column":85}},"line":79},"11":{"name":"(anonymous_11)","decl":{"start":{"line":104,"column":27},"end":{"line":104,"column":28}},"loc":{"start":{"line":105,"column":14},"end":{"line":111,"column":16}},"line":105}},"branchMap":{"0":{"loc":{"start":{"line":26,"column":6},"end":{"line":28,"column":7}},"type":"if","locations":[{"start":{"line":26,"column":6},"end":{"line":28,"column":7}},{"start":{},"end":{}}],"line":26},"1":{"loc":{"start":{"line":32,"column":4},"end":{"line":34,"column":5}},"type":"if","locations":[{"start":{"line":32,"column":4},"end":{"line":34,"column":5}},{"start":{},"end":{}}],"line":32},"2":{"loc":{"start":{"line":54,"column":4},"end":{"line":56,"column":5}},"type":"if","locations":[{"start":{"line":54,"column":4},"end":{"line":56,"column":5}},{"start":{},"end":{}}],"line":54},"3":{"loc":{"start":{"line":57,"column":4},"end":{"line":59,"column":5}},"type":"if","locations":[{"start":{"line":57,"column":4},"end":{"line":59,"column":5}},{"start":{},"end":{}}],"line":57},"4":{"loc":{"start":{"line":66,"column":4},"end":{"line":68,"column":5}},"type":"if","locations":[{"start":{"line":66,"column":4},"end":{"line":68,"column":5}},{"start":{},"end":{}}],"line":66},"5":{"loc":{"start":{"line":70,"column":4},"end":{"line":72,"column":5}},"type":"if","locations":[{"start":{"line":70,"column":4},"end":{"line":72,"column":5}},{"start":{},"end":{}}],"line":70},"6":{"loc":{"start":{"line":90,"column":11},"end":{"line":94,"column":18}},"type":"cond-expr","locations":[{"start":{"line":91,"column":12},"end":{"line":93,"column":21}},{"start":{"line":94,"column":14},"end":{"line":94,"column":18}}],"line":90},"7":{"loc":{"start":{"line":103,"column":11},"end":{"line":112,"column":21}},"type":"cond-expr","locations":[{"start":{"line":104,"column":12},"end":{"line":112,"column":14}},{"start":{"line":112,"column":17},"end":{"line":112,"column":21}}],"line":103},"8":{"loc":{"start":{"line":115,"column":11},"end":{"line":119,"column":18}},"type":"cond-expr","locations":[{"start":{"line":116,"column":12},"end":{"line":118,"column":21}},{"start":{"line":119,"column":14},"end":{"line":119,"column":18}}],"line":115}},"s":{"0":9,"1":9,"2":9,"3":9,"4":9,"5":9,"6":9,"7":9,"8":1,"9":1,"10":0,"11":0,"12":0,"13":0,"14":0,"15":0,"16":0,"17":0,"18":9,"19":0,"20":0,"21":0,"22":0,"23":0,"24":9,"25":0,"26":0,"27":0,"28":0,"29":0,"30":0,"31":0,"32":9,"33":1,"34":0,"35":1,"36":1,"37":1,"38":1,"39":1,"40":9,"41":4,"42":0,"43":4,"44":9,"45":9,"46":0},"f":{"0":9,"1":9,"2":1,"3":1,"4":0,"5":0,"6":0,"7":0,"8":1,"9":4,"10":0,"11":0},"b":{"0":[0,0],"1":[0,0],"2":[0,0],"3":[0,0],"4":[0,1],"5":[1,0],"6":[1,8],"7":[0,9],"8":[9,0]},"_coverageSchema":"1a1c01bbd47fc00a2c39e90264f33305004495a9","hash":"f1a484130362aaad4969fd1a8aa80b8eba7c5ed8"}
,"/Users/patrickk/Desktop/decCohort/fec/client/src/components/itemsComparison/Product.jsx": {"path":"/Users/patrickk/Desktop/decCohort/fec/client/src/components/itemsComparison/Product.jsx","statementMap":{"0":{"start":{"line":8,"column":44},"end":{"line":8,"column":65}},"1":{"start":{"line":10,"column":22},"end":{"line":12,"column":3}},"2":{"start":{"line":11,"column":4},"end":{"line":11,"column":37}},"3":{"start":{"line":14,"column":2},"end":{"line":39,"column":4}},"4":{"start":{"line":15,"column":69},"end":{"line":15,"column":89}}},"fnMap":{"0":{"name":"Product","decl":{"start":{"line":5,"column":24},"end":{"line":5,"column":31}},"loc":{"start":{"line":7,"column":3},"end":{"line":40,"column":1}},"line":7},"1":{"name":"(anonymous_1)","decl":{"start":{"line":10,"column":22},"end":{"line":10,"column":23}},"loc":{"start":{"line":10,"column":29},"end":{"line":12,"column":3}},"line":10},"2":{"name":"(anonymous_2)","decl":{"start":{"line":15,"column":62},"end":{"line":15,"column":63}},"loc":{"start":{"line":15,"column":69},"end":{"line":15,"column":89}},"line":15}},"branchMap":{"0":{"loc":{"start":{"line":23,"column":9},"end":{"line":29,"column":92}},"type":"cond-expr","locations":[{"start":{"line":24,"column":10},"end":{"line":27,"column":16}},{"start":{"line":29,"column":10},"end":{"line":29,"column":92}}],"line":23}},"s":{"0":5,"1":5,"2":1,"3":5,"4":1},"f":{"0":5,"1":1,"2":1},"b":{"0":[4,1]},"_coverageSchema":"1a1c01bbd47fc00a2c39e90264f33305004495a9","hash":"a8c5fe7f30c155c69daebe87d2a683197c9322d0"}
,"/Users/patrickk/Desktop/decCohort/fec/client/src/components/itemsComparison/ProductModal.jsx": {"path":"/Users/patrickk/Desktop/decCohort/fec/client/src/components/itemsComparison/ProductModal.jsx","statementMap":{"0":{"start":{"line":8,"column":2},"end":{"line":10,"column":3}},"1":{"start":{"line":9,"column":4},"end":{"line":9,"column":16}},"2":{"start":{"line":12,"column":40},"end":{"line":12,"column":58}},"3":{"start":{"line":14,"column":2},"end":{"line":48,"column":9}},"4":{"start":{"line":15,"column":19},"end":{"line":15,"column":21}},"5":{"start":{"line":17,"column":4},"end":{"line":26,"column":5}},"6":{"start":{"line":18,"column":6},"end":{"line":20,"column":7}},"7":{"start":{"line":19,"column":8},"end":{"line":19,"column":54}},"8":{"start":{"line":21,"column":6},"end":{"line":25,"column":7}},"9":{"start":{"line":22,"column":8},"end":{"line":24,"column":11}},"10":{"start":{"line":23,"column":10},"end":{"line":23,"column":50}},"11":{"start":{"line":29,"column":4},"end":{"line":45,"column":5}},"12":{"start":{"line":30,"column":6},"end":{"line":34,"column":7}},"13":{"start":{"line":31,"column":8},"end":{"line":31,"column":46}},"14":{"start":{"line":32,"column":13},"end":{"line":34,"column":7}},"15":{"start":{"line":33,"column":8},"end":{"line":33,"column":44}},"16":{"start":{"line":36,"column":6},"end":{"line":44,"column":7}},"17":{"start":{"line":37,"column":8},"end":{"line":43,"column":11}},"18":{"start":{"line":38,"column":10},"end":{"line":42,"column":11}},"19":{"start":{"line":39,"column":12},"end":{"line":39,"column":54}},"20":{"start":{"line":41,"column":12},"end":{"line":41,"column":52}},"21":{"start":{"line":47,"column":4},"end":{"line":47,"column":27}},"22":{"start":{"line":50,"column":2},"end":{"line":91,"column":4}},"23":{"start":{"line":74,"column":16},"end":{"line":84,"column":17}},"24":{"start":{"line":75,"column":18},"end":{"line":83,"column":20}}},"fnMap":{"0":{"name":"ProductModal","decl":{"start":{"line":5,"column":24},"end":{"line":5,"column":36}},"loc":{"start":{"line":7,"column":3},"end":{"line":92,"column":1}},"line":7},"1":{"name":"(anonymous_1)","decl":{"start":{"line":14,"column":18},"end":{"line":14,"column":19}},"loc":{"start":{"line":14,"column":24},"end":{"line":48,"column":3}},"line":14},"2":{"name":"(anonymous_2)","decl":{"start":{"line":22,"column":41},"end":{"line":22,"column":42}},"loc":{"start":{"line":22,"column":53},"end":{"line":24,"column":9}},"line":22},"3":{"name":"(anonymous_3)","decl":{"start":{"line":37,"column":31},"end":{"line":37,"column":32}},"loc":{"start":{"line":37,"column":43},"end":{"line":43,"column":9}},"line":37},"4":{"name":"(anonymous_4)","decl":{"start":{"line":73,"column":43},"end":{"line":73,"column":44}},"loc":{"start":{"line":73,"column":56},"end":{"line":85,"column":15}},"line":73}},"branchMap":{"0":{"loc":{"start":{"line":8,"column":2},"end":{"line":10,"column":3}},"type":"if","locations":[{"start":{"line":8,"column":2},"end":{"line":10,"column":3}},{"start":{},"end":{}}],"line":8},"1":{"loc":{"start":{"line":18,"column":6},"end":{"line":20,"column":7}},"type":"if","locations":[{"start":{"line":18,"column":6},"end":{"line":20,"column":7}},{"start":{},"end":{}}],"line":18},"2":{"loc":{"start":{"line":18,"column":10},"end":{"line":18,"column":121}},"type":"binary-expr","locations":[{"start":{"line":18,"column":10},"end":{"line":18,"column":31}},{"start":{"line":18,"column":35},"end":{"line":18,"column":60}},{"start":{"line":18,"column":64},"end":{"line":18,"column":89}},{"start":{"line":18,"column":93},"end":{"line":18,"column":121}}],"line":18},"3":{"loc":{"start":{"line":21,"column":6},"end":{"line":25,"column":7}},"type":"if","locations":[{"start":{"line":21,"column":6},"end":{"line":25,"column":7}},{"start":{},"end":{}}],"line":21},"4":{"loc":{"start":{"line":30,"column":6},"end":{"line":34,"column":7}},"type":"if","locations":[{"start":{"line":30,"column":6},"end":{"line":34,"column":7}},{"start":{"line":32,"column":13},"end":{"line":34,"column":7}}],"line":30},"5":{"loc":{"start":{"line":30,"column":10},"end":{"line":30,"column":123}},"type":"binary-expr","locations":[{"start":{"line":30,"column":10},"end":{"line":30,"column":40}},{"start":{"line":30,"column":44},"end":{"line":30,"column":65}},{"start":{"line":30,"column":69},"end":{"line":30,"column":94}},{"start":{"line":30,"column":98},"end":{"line":30,"column":123}}],"line":30},"6":{"loc":{"start":{"line":32,"column":13},"end":{"line":34,"column":7}},"type":"if","locations":[{"start":{"line":32,"column":13},"end":{"line":34,"column":7}},{"start":{},"end":{}}],"line":32},"7":{"loc":{"start":{"line":32,"column":17},"end":{"line":32,"column":96}},"type":"binary-expr","locations":[{"start":{"line":32,"column":17},"end":{"line":32,"column":38}},{"start":{"line":32,"column":42},"end":{"line":32,"column":67}},{"start":{"line":32,"column":71},"end":{"line":32,"column":96}}],"line":32},"8":{"loc":{"start":{"line":36,"column":6},"end":{"line":44,"column":7}},"type":"if","locations":[{"start":{"line":36,"column":6},"end":{"line":44,"column":7}},{"start":{},"end":{}}],"line":36},"9":{"loc":{"start":{"line":38,"column":10},"end":{"line":42,"column":11}},"type":"if","locations":[{"start":{"line":38,"column":10},"end":{"line":42,"column":11}},{"start":{"line":40,"column":17},"end":{"line":42,"column":11}}],"line":38},"10":{"loc":{"start":{"line":72,"column":14},"end":{"line":86,"column":20}},"type":"cond-expr","locations":[{"start":{"line":73,"column":14},"end":{"line":85,"column":16}},{"start":{"line":86,"column":16},"end":{"line":86,"column":20}}],"line":72},"11":{"loc":{"start":{"line":74,"column":16},"end":{"line":84,"column":17}},"type":"if","locations":[{"start":{"line":74,"column":16},"end":{"line":84,"column":17}},{"start":{},"end":{}}],"line":74},"12":{"loc":{"start":{"line":74,"column":20},"end":{"line":74,"column":188}},"type":"binary-expr","locations":[{"start":{"line":74,"column":20},"end":{"line":74,"column":42}},{"start":{"line":74,"column":46},"end":{"line":74,"column":65}},{"start":{"line":74,"column":69},"end":{"line":74,"column":89}},{"start":{"line":74,"column":93},"end":{"line":74,"column":118}},{"start":{"line":74,"column":122},"end":{"line":74,"column":141}},{"start":{"line":74,"column":145},"end":{"line":74,"column":161}},{"start":{"line":74,"column":165},"end":{"line":74,"column":188}}],"line":74},"13":{"loc":{"start":{"line":77,"column":27},"end":{"line":77,"column":58}},"type":"binary-expr","locations":[{"start":{"line":77,"column":27},"end":{"line":77,"column":50}},{"start":{"line":77,"column":54},"end":{"line":77,"column":58}}],"line":77},"14":{"loc":{"start":{"line":78,"column":23},"end":{"line":80,"column":80}},"type":"cond-expr","locations":[{"start":{"line":79,"column":24},"end":{"line":79,"column":62}},{"start":{"line":80,"column":24},"end":{"line":80,"column":80}}],"line":78},"15":{"loc":{"start":{"line":81,"column":27},"end":{"line":81,"column":58}},"type":"binary-expr","locations":[{"start":{"line":81,"column":27},"end":{"line":81,"column":50}},{"start":{"line":81,"column":54},"end":{"line":81,"column":58}}],"line":81}},"s":{"0":16,"1":4,"2":12,"3":12,"4":6,"5":6,"6":37,"7":35,"8":37,"9":5,"10":12,"11":6,"12":29,"13":21,"14":8,"15":7,"16":29,"17":3,"18":7,"19":6,"20":1,"21":6,"22":12,"23":55,"24":27},"f":{"0":16,"1":6,"2":12,"3":7,"4":55},"b":{"0":[4,12],"1":[35,2],"2":[37,35,35,35],"3":[5,32],"4":[21,8],"5":[29,21,21,21],"6":[7,1],"7":[8,7,7],"8":[3,26],"9":[6,1],"10":[6,6],"11":[27,28],"12":[55,50,44,44,44,38,32],"13":[27,1],"14":[1,26],"15":[27,15]},"_coverageSchema":"1a1c01bbd47fc00a2c39e90264f33305004495a9","hash":"1ac709ee8f5c69b40ac59b061770a30896d16068"}
,"/Users/patrickk/Desktop/decCohort/fec/client/src/state/pd.js": {"path":"/Users/patrickk/Desktop/decCohort/fec/client/src/state/pd.js","statementMap":{"0":{"start":{"line":4,"column":21},"end":{"line":9,"column":1}},"1":{"start":{"line":11,"column":26},"end":{"line":23,"column":1}},"2":{"start":{"line":14,"column":4},"end":{"line":21,"column":5}},"3":{"start":{"line":15,"column":18},"end":{"line":15,"column":32}},"4":{"start":{"line":16,"column":19},"end":{"line":16,"column":49}},"5":{"start":{"line":17,"column":6},"end":{"line":17,"column":47}},"6":{"start":{"line":18,"column":6},"end":{"line":18,"column":18}},"7":{"start":{"line":20,"column":6},"end":{"line":20,"column":43}},"8":{"start":{"line":25,"column":27},"end":{"line":42,"column":1}},"9":{"start":{"line":28,"column":4},"end":{"line":40,"column":5}},"10":{"start":{"line":29,"column":20},"end":{"line":29,"column":48}},"11":{"start":{"line":30,"column":21},"end":{"line":30,"column":34}},"12":{"start":{"line":31,"column":24},"end":{"line":31,"column":58}},"13":{"start":{"line":32,"column":30},"end":{"line":32,"column":71}},"14":{"start":{"line":33,"column":6},"end":{"line":37,"column":8}},"15":{"start":{"line":39,"column":6},"end":{"line":39,"column":38}},"16":{"start":{"line":44,"column":40},"end":{"line":58,"column":1}},"17":{"start":{"line":47,"column":4},"end":{"line":56,"column":5}},"18":{"start":{"line":48,"column":25},"end":{"line":48,"column":59}},"19":{"start":{"line":49,"column":31},"end":{"line":49,"column":72}},"20":{"start":{"line":50,"column":6},"end":{"line":53,"column":8}},"21":{"start":{"line":55,"column":6},"end":{"line":55,"column":44}},"22":{"start":{"line":60,"column":23},"end":{"line":93,"column":2}},"23":{"start":{"line":65,"column":6},"end":{"line":65,"column":53}},"24":{"start":{"line":69,"column":4},"end":{"line":71,"column":7}},"25":{"start":{"line":70,"column":6},"end":{"line":70,"column":27}},"26":{"start":{"line":72,"column":4},"end":{"line":77,"column":7}},"27":{"start":{"line":73,"column":6},"end":{"line":73,"column":51}},"28":{"start":{"line":74,"column":6},"end":{"line":74,"column":56}},"29":{"start":{"line":75,"column":6},"end":{"line":75,"column":68}},"30":{"start":{"line":76,"column":6},"end":{"line":76,"column":28}},"31":{"start":{"line":78,"column":4},"end":{"line":80,"column":7}},"32":{"start":{"line":79,"column":6},"end":{"line":79,"column":28}},"33":{"start":{"line":81,"column":4},"end":{"line":83,"column":7}},"34":{"start":{"line":82,"column":6},"end":{"line":82,"column":27}},"35":{"start":{"line":84,"column":4},"end":{"line":88,"column":7}},"36":{"start":{"line":85,"column":6},"end":{"line":85,"column":55}},"37":{"start":{"line":86,"column":6},"end":{"line":86,"column":67}},"38":{"start":{"line":87,"column":6},"end":{"line":87,"column":28}},"39":{"start":{"line":89,"column":4},"end":{"line":91,"column":7}},"40":{"start":{"line":90,"column":6},"end":{"line":90,"column":28}},"41":{"start":{"line":96,"column":24},"end":{"line":96,"column":39}}},"fnMap":{"0":{"name":"(anonymous_0)","decl":{"start":{"line":13,"column":2},"end":{"line":13,"column":3}},"loc":{"start":{"line":13,"column":26},"end":{"line":22,"column":3}},"line":13},"1":{"name":"(anonymous_1)","decl":{"start":{"line":27,"column":2},"end":{"line":27,"column":3}},"loc":{"start":{"line":27,"column":22},"end":{"line":41,"column":3}},"line":27},"2":{"name":"(anonymous_2)","decl":{"start":{"line":46,"column":2},"end":{"line":46,"column":3}},"loc":{"start":{"line":46,"column":26},"end":{"line":57,"column":3}},"line":46},"3":{"name":"(anonymous_3)","decl":{"start":{"line":64,"column":10},"end":{"line":64,"column":11}},"loc":{"start":{"line":64,"column":29},"end":{"line":66,"column":5}},"line":64},"4":{"name":"(anonymous_4)","decl":{"start":{"line":68,"column":17},"end":{"line":68,"column":18}},"loc":{"start":{"line":68,"column":30},"end":{"line":92,"column":3}},"line":68},"5":{"name":"(anonymous_5)","decl":{"start":{"line":69,"column":41},"end":{"line":69,"column":42}},"loc":{"start":{"line":69,"column":52},"end":{"line":71,"column":5}},"line":69},"6":{"name":"(anonymous_6)","decl":{"start":{"line":72,"column":43},"end":{"line":72,"column":44}},"loc":{"start":{"line":72,"column":62},"end":{"line":77,"column":5}},"line":72},"7":{"name":"(anonymous_7)","decl":{"start":{"line":78,"column":42},"end":{"line":78,"column":43}},"loc":{"start":{"line":78,"column":53},"end":{"line":80,"column":5}},"line":78},"8":{"name":"(anonymous_8)","decl":{"start":{"line":81,"column":54},"end":{"line":81,"column":55}},"loc":{"start":{"line":81,"column":65},"end":{"line":83,"column":5}},"line":81},"9":{"name":"(anonymous_9)","decl":{"start":{"line":84,"column":56},"end":{"line":84,"column":57}},"loc":{"start":{"line":84,"column":75},"end":{"line":88,"column":5}},"line":84},"10":{"name":"(anonymous_10)","decl":{"start":{"line":89,"column":55},"end":{"line":89,"column":56}},"loc":{"start":{"line":89,"column":66},"end":{"line":91,"column":5}},"line":89}},"branchMap":{},"s":{"0":2,"1":2,"2":0,"3":0,"4":0,"5":0,"6":0,"7":0,"8":2,"9":0,"10":0,"11":0,"12":0,"13":0,"14":0,"15":0,"16":2,"17":0,"18":0,"19":0,"20":0,"21":0,"22":2,"23":0,"24":2,"25":0,"26":2,"27":0,"28":0,"29":0,"30":0,"31":2,"32":0,"33":2,"34":0,"35":2,"36":0,"37":0,"38":0,"39":2,"40":0,"41":2},"f":{"0":0,"1":0,"2":0,"3":0,"4":2,"5":0,"6":0,"7":0,"8":0,"9":0,"10":0},"b":{},"_coverageSchema":"1a1c01bbd47fc00a2c39e90264f33305004495a9","hash":"4a890560c53cbfe6df058e1b97a0d4c20b427392"}
,"/Users/patrickk/Desktop/decCohort/fec/client/src/state/qa.js": {"path":"/Users/patrickk/Desktop/decCohort/fec/client/src/state/qa.js","statementMap":{"0":{"start":{"line":4,"column":21},"end":{"line":10,"column":1}},"1":{"start":{"line":12,"column":21},"end":{"line":33,"column":2}},"2":{"start":{"line":13,"column":22},"end":{"line":13,"column":26}},"3":{"start":{"line":14,"column":14},"end":{"line":14,"column":16}},"4":{"start":{"line":16,"column":2},"end":{"line":32,"column":3}},"5":{"start":{"line":18,"column":16},"end":{"line":21,"column":6}},"6":{"start":{"line":23,"column":4},"end":{"line":25,"column":33}},"7":{"start":{"line":24,"column":6},"end":{"line":24,"column":18}},"8":{"start":{"line":25,"column":11},"end":{"line":25,"column":33}},"9":{"start":{"line":26,"column":4},"end":{"line":31,"column":5}},"10":{"start":{"line":27,"column":24},"end":{"line":29,"column":7}},"11":{"start":{"line":28,"column":18},"end":{"line":28,"column":65}},"12":{"start":{"line":30,"column":6},"end":{"line":30,"column":23}},"13":{"start":{"line":35,"column":16},"end":{"line":85,"column":2}},"14":{"start":{"line":40,"column":6},"end":{"line":40,"column":31}},"15":{"start":{"line":41,"column":6},"end":{"line":41,"column":74}},"16":{"start":{"line":44,"column":6},"end":{"line":47,"column":7}},"17":{"start":{"line":45,"column":8},"end":{"line":45,"column":76}},"18":{"start":{"line":46,"column":8},"end":{"line":46,"column":15}},"19":{"start":{"line":49,"column":6},"end":{"line":57,"column":9}},"20":{"start":{"line":50,"column":22},"end":{"line":50,"column":47}},"21":{"start":{"line":51,"column":8},"end":{"line":51,"column":72}},"22":{"start":{"line":51,"column":61},"end":{"line":51,"column":72}},"23":{"start":{"line":52,"column":24},"end":{"line":52,"column":50}},"24":{"start":{"line":53,"column":8},"end":{"line":55,"column":9}},"25":{"start":{"line":53,"column":21},"end":{"line":53,"column":22}},"26":{"start":{"line":54,"column":10},"end":{"line":54,"column":72}},"27":{"start":{"line":54,"column":61},"end":{"line":54,"column":72}},"28":{"start":{"line":56,"column":8},"end":{"line":56,"column":21}},"29":{"start":{"line":60,"column":6},"end":{"line":60,"column":35}},"30":{"start":{"line":64,"column":4},"end":{"line":66,"column":7}},"31":{"start":{"line":65,"column":6},"end":{"line":65,"column":29}},"32":{"start":{"line":67,"column":4},"end":{"line":80,"column":7}},"33":{"start":{"line":68,"column":6},"end":{"line":68,"column":30}},"34":{"start":{"line":69,"column":23},"end":{"line":77,"column":8}},"35":{"start":{"line":70,"column":21},"end":{"line":70,"column":46}},"36":{"start":{"line":71,"column":22},"end":{"line":71,"column":32}},"37":{"start":{"line":73,"column":10},"end":{"line":75,"column":44}},"38":{"start":{"line":76,"column":8},"end":{"line":76,"column":66}},"39":{"start":{"line":78,"column":6},"end":{"line":78,"column":63}},"40":{"start":{"line":79,"column":6},"end":{"line":79,"column":37}},"41":{"start":{"line":81,"column":4},"end":{"line":83,"column":7}},"42":{"start":{"line":82,"column":6},"end":{"line":82,"column":30}},"43":{"start":{"line":88,"column":2},"end":{"line":88,"column":17}}},"fnMap":{"0":{"name":"(anonymous_0)","decl":{"start":{"line":12,"column":50},"end":{"line":12,"column":51}},"loc":{"start":{"line":12,"column":73},"end":{"line":33,"column":1}},"line":12},"1":{"name":"(anonymous_1)","decl":{"start":{"line":28,"column":8},"end":{"line":28,"column":9}},"loc":{"start":{"line":28,"column":18},"end":{"line":28,"column":65}},"line":28},"2":{"name":"(anonymous_2)","decl":{"start":{"line":39,"column":23},"end":{"line":39,"column":24}},"loc":{"start":{"line":39,"column":34},"end":{"line":42,"column":5}},"line":39},"3":{"name":"(anonymous_3)","decl":{"start":{"line":43,"column":21},"end":{"line":43,"column":22}},"loc":{"start":{"line":43,"column":32},"end":{"line":58,"column":5}},"line":43},"4":{"name":"(anonymous_4)","decl":{"start":{"line":49,"column":51},"end":{"line":49,"column":52}},"loc":{"start":{"line":49,"column":60},"end":{"line":57,"column":7}},"line":49},"5":{"name":"(anonymous_5)","decl":{"start":{"line":59,"column":17},"end":{"line":59,"column":18}},"loc":{"start":{"line":59,"column":36},"end":{"line":61,"column":5}},"line":59},"6":{"name":"(anonymous_6)","decl":{"start":{"line":63,"column":17},"end":{"line":63,"column":18}},"loc":{"start":{"line":63,"column":30},"end":{"line":84,"column":3}},"line":63},"7":{"name":"(anonymous_7)","decl":{"start":{"line":64,"column":35},"end":{"line":64,"column":36}},"loc":{"start":{"line":64,"column":46},"end":{"line":66,"column":5}},"line":64},"8":{"name":"(anonymous_8)","decl":{"start":{"line":67,"column":37},"end":{"line":67,"column":38}},"loc":{"start":{"line":67,"column":56},"end":{"line":80,"column":5}},"line":67},"9":{"name":"(anonymous_9)","decl":{"start":{"line":69,"column":45},"end":{"line":69,"column":46}},"loc":{"start":{"line":69,"column":52},"end":{"line":77,"column":7}},"line":69},"10":{"name":"(anonymous_10)","decl":{"start":{"line":81,"column":36},"end":{"line":81,"column":37}},"loc":{"start":{"line":81,"column":47},"end":{"line":83,"column":5}},"line":81}},"branchMap":{"0":{"loc":{"start":{"line":23,"column":4},"end":{"line":25,"column":33}},"type":"if","locations":[{"start":{"line":23,"column":4},"end":{"line":25,"column":33}},{"start":{"line":25,"column":11},"end":{"line":25,"column":33}}],"line":23},"1":{"loc":{"start":{"line":26,"column":4},"end":{"line":31,"column":5}},"type":"if","locations":[{"start":{"line":26,"column":4},"end":{"line":31,"column":5}},{"start":{},"end":{}}],"line":26},"2":{"loc":{"start":{"line":44,"column":6},"end":{"line":47,"column":7}},"type":"if","locations":[{"start":{"line":44,"column":6},"end":{"line":47,"column":7}},{"start":{},"end":{}}],"line":44},"3":{"loc":{"start":{"line":51,"column":8},"end":{"line":51,"column":72}},"type":"if","locations":[{"start":{"line":51,"column":8},"end":{"line":51,"column":72}},{"start":{},"end":{}}],"line":51},"4":{"loc":{"start":{"line":54,"column":10},"end":{"line":54,"column":72}},"type":"if","locations":[{"start":{"line":54,"column":10},"end":{"line":54,"column":72}},{"start":{},"end":{}}],"line":54},"5":{"loc":{"start":{"line":73,"column":10},"end":{"line":75,"column":44}},"type":"binary-expr","locations":[{"start":{"line":73,"column":10},"end":{"line":73,"column":52}},{"start":{"line":74,"column":10},"end":{"line":74,"column":46}},{"start":{"line":75,"column":10},"end":{"line":75,"column":44}}],"line":73},"6":{"loc":{"start":{"line":76,"column":15},"end":{"line":76,"column":65}},"type":"binary-expr","locations":[{"start":{"line":76,"column":15},"end":{"line":76,"column":46}},{"start":{"line":76,"column":50},"end":{"line":76,"column":65}}],"line":76}},"s":{"0":2,"1":2,"2":2,"3":2,"4":2,"5":2,"6":0,"7":0,"8":0,"9":0,"10":0,"11":0,"12":0,"13":2,"14":1,"15":1,"16":0,"17":0,"18":0,"19":0,"20":0,"21":0,"22":0,"23":0,"24":0,"25":0,"26":0,"27":0,"28":0,"29":0,"30":2,"31":2,"32":2,"33":0,"34":0,"35":0,"36":0,"37":0,"38":0,"39":0,"40":0,"41":2,"42":0,"43":2},"f":{"0":2,"1":0,"2":1,"3":0,"4":0,"5":0,"6":2,"7":2,"8":0,"9":0,"10":0},"b":{"0":[0,0],"1":[0,0],"2":[0,0],"3":[0,0],"4":[0,0],"5":[0,0,0],"6":[0,0]},"_coverageSchema":"1a1c01bbd47fc00a2c39e90264f33305004495a9","hash":"6c8ffcc5136e3e389c1c87a25813e79df73d49a9"}
,"/Users/patrickk/Desktop/decCohort/fec/client/src/state/rr.js": {"path":"/Users/patrickk/Desktop/decCohort/fec/client/src/state/rr.js","statementMap":{"0":{"start":{"line":4,"column":21},"end":{"line":15,"column":1}},"1":{"start":{"line":17,"column":26},"end":{"line":49,"column":1}},"2":{"start":{"line":20,"column":24},"end":{"line":20,"column":28}},"3":{"start":{"line":21,"column":16},"end":{"line":21,"column":18}},"4":{"start":{"line":23,"column":20},"end":{"line":23,"column":42}},"5":{"start":{"line":24,"column":20},"end":{"line":24,"column":42}},"6":{"start":{"line":26,"column":4},"end":{"line":47,"column":5}},"7":{"start":{"line":28,"column":6},"end":{"line":44,"column":7}},"8":{"start":{"line":30,"column":20},"end":{"line":37,"column":10}},"9":{"start":{"line":39,"column":8},"end":{"line":41,"column":37}},"10":{"start":{"line":40,"column":10},"end":{"line":40,"column":22}},"11":{"start":{"line":41,"column":15},"end":{"line":41,"column":37}},"12":{"start":{"line":43,"column":8},"end":{"line":43,"column":52}},"13":{"start":{"line":43,"column":28},"end":{"line":43,"column":52}},"14":{"start":{"line":46,"column":6},"end":{"line":46,"column":23}},"15":{"start":{"line":51,"column":27},"end":{"line":62,"column":1}},"16":{"start":{"line":54,"column":16},"end":{"line":57,"column":6}},"17":{"start":{"line":59,"column":21},"end":{"line":59,"column":29}},"18":{"start":{"line":60,"column":4},"end":{"line":60,"column":20}},"19":{"start":{"line":64,"column":16},"end":{"line":181,"column":2}},"20":{"start":{"line":69,"column":6},"end":{"line":69,"column":64}},"21":{"start":{"line":69,"column":57},"end":{"line":69,"column":64}},"22":{"start":{"line":70,"column":6},"end":{"line":70,"column":29}},"23":{"start":{"line":72,"column":6},"end":{"line":74,"column":56}},"24":{"start":{"line":77,"column":24},"end":{"line":77,"column":61}},"25":{"start":{"line":78,"column":6},"end":{"line":81,"column":7}},"26":{"start":{"line":79,"column":8},"end":{"line":79,"column":43}},"27":{"start":{"line":80,"column":8},"end":{"line":80,"column":15}},"28":{"start":{"line":82,"column":6},"end":{"line":82,"column":41}},"29":{"start":{"line":85,"column":6},"end":{"line":85,"column":35}},"30":{"start":{"line":88,"column":6},"end":{"line":88,"column":34}},"31":{"start":{"line":89,"column":6},"end":{"line":89,"column":28}},"32":{"start":{"line":92,"column":23},"end":{"line":104,"column":8}},"33":{"start":{"line":94,"column":29},"end":{"line":96,"column":16}},"34":{"start":{"line":97,"column":22},"end":{"line":97,"column":47}},"35":{"start":{"line":99,"column":8},"end":{"line":103,"column":10}},"36":{"start":{"line":106,"column":6},"end":{"line":106,"column":59}},"37":{"start":{"line":107,"column":6},"end":{"line":107,"column":39}},"38":{"start":{"line":110,"column":6},"end":{"line":110,"column":25}},"39":{"start":{"line":114,"column":4},"end":{"line":116,"column":7}},"40":{"start":{"line":115,"column":6},"end":{"line":115,"column":29}},"41":{"start":{"line":117,"column":4},"end":{"line":166,"column":7}},"42":{"start":{"line":119,"column":22},"end":{"line":132,"column":8}},"43":{"start":{"line":120,"column":22},"end":{"line":120,"column":47}},"44":{"start":{"line":121,"column":21},"end":{"line":121,"column":46}},"45":{"start":{"line":122,"column":24},"end":{"line":122,"column":52}},"46":{"start":{"line":123,"column":23},"end":{"line":123,"column":47}},"47":{"start":{"line":125,"column":29},"end":{"line":127,"column":16}},"48":{"start":{"line":129,"column":8},"end":{"line":131,"column":10}},"49":{"start":{"line":133,"column":6},"end":{"line":133,"column":41}},"50":{"start":{"line":135,"column":6},"end":{"line":137,"column":45}},"51":{"start":{"line":136,"column":8},"end":{"line":136,"column":35}},"52":{"start":{"line":137,"column":13},"end":{"line":137,"column":45}},"53":{"start":{"line":138,"column":6},"end":{"line":138,"column":58}},"54":{"start":{"line":141,"column":21},"end":{"line":163,"column":7}},"55":{"start":{"line":143,"column":10},"end":{"line":143,"column":32}},"56":{"start":{"line":144,"column":10},"end":{"line":144,"column":41}},"57":{"start":{"line":145,"column":10},"end":{"line":145,"column":57}},"58":{"start":{"line":146,"column":10},"end":{"line":146,"column":79}},"59":{"start":{"line":147,"column":10},"end":{"line":147,"column":42}},"60":{"start":{"line":148,"column":10},"end":{"line":148,"column":21}},"61":{"start":{"line":164,"column":6},"end":{"line":164,"column":28}},"62":{"start":{"line":165,"column":6},"end":{"line":165,"column":30}},"63":{"start":{"line":167,"column":4},"end":{"line":169,"column":7}},"64":{"start":{"line":168,"column":6},"end":{"line":168,"column":30}},"65":{"start":{"line":170,"column":4},"end":{"line":172,"column":7}},"66":{"start":{"line":171,"column":6},"end":{"line":171,"column":29}},"67":{"start":{"line":173,"column":4},"end":{"line":176,"column":7}},"68":{"start":{"line":174,"column":6},"end":{"line":174,"column":38}},"69":{"start":{"line":175,"column":6},"end":{"line":175,"column":30}},"70":{"start":{"line":177,"column":4},"end":{"line":179,"column":7}},"71":{"start":{"line":178,"column":6},"end":{"line":178,"column":30}},"72":{"start":{"line":190,"column":4},"end":{"line":190,"column":19}}},"fnMap":{"0":{"name":"(anonymous_0)","decl":{"start":{"line":19,"column":2},"end":{"line":19,"column":3}},"loc":{"start":{"line":19,"column":25},"end":{"line":48,"column":3}},"line":19},"1":{"name":"(anonymous_1)","decl":{"start":{"line":53,"column":2},"end":{"line":53,"column":3}},"loc":{"start":{"line":53,"column":33},"end":{"line":61,"column":3}},"line":53},"2":{"name":"(anonymous_2)","decl":{"start":{"line":68,"column":21},"end":{"line":68,"column":22}},"loc":{"start":{"line":68,"column":32},"end":{"line":75,"column":5}},"line":68},"3":{"name":"(anonymous_3)","decl":{"start":{"line":76,"column":19},"end":{"line":76,"column":20}},"loc":{"start":{"line":76,"column":38},"end":{"line":83,"column":5}},"line":76},"4":{"name":"(anonymous_4)","decl":{"start":{"line":84,"column":17},"end":{"line":84,"column":18}},"loc":{"start":{"line":84,"column":36},"end":{"line":86,"column":5}},"line":84},"5":{"name":"(anonymous_5)","decl":{"start":{"line":87,"column":16},"end":{"line":87,"column":17}},"loc":{"start":{"line":87,"column":35},"end":{"line":90,"column":5}},"line":87},"6":{"name":"(anonymous_6)","decl":{"start":{"line":91,"column":19},"end":{"line":91,"column":20}},"loc":{"start":{"line":91,"column":30},"end":{"line":108,"column":5}},"line":91},"7":{"name":"(anonymous_7)","decl":{"start":{"line":92,"column":48},"end":{"line":92,"column":49}},"loc":{"start":{"line":92,"column":60},"end":{"line":104,"column":7}},"line":92},"8":{"name":"(anonymous_8)","decl":{"start":{"line":109,"column":18},"end":{"line":109,"column":19}},"loc":{"start":{"line":109,"column":29},"end":{"line":111,"column":5}},"line":109},"9":{"name":"(anonymous_9)","decl":{"start":{"line":113,"column":17},"end":{"line":113,"column":18}},"loc":{"start":{"line":113,"column":30},"end":{"line":180,"column":3}},"line":113},"10":{"name":"(anonymous_10)","decl":{"start":{"line":114,"column":40},"end":{"line":114,"column":41}},"loc":{"start":{"line":114,"column":51},"end":{"line":116,"column":5}},"line":114},"11":{"name":"(anonymous_11)","decl":{"start":{"line":117,"column":42},"end":{"line":117,"column":43}},"loc":{"start":{"line":117,"column":61},"end":{"line":166,"column":5}},"line":117},"12":{"name":"(anonymous_12)","decl":{"start":{"line":119,"column":44},"end":{"line":119,"column":45}},"loc":{"start":{"line":119,"column":56},"end":{"line":132,"column":7}},"line":119},"13":{"name":"(anonymous_13)","decl":{"start":{"line":142,"column":8},"end":{"line":142,"column":9}},"loc":{"start":{"line":142,"column":25},"end":{"line":149,"column":9}},"line":142},"14":{"name":"(anonymous_14)","decl":{"start":{"line":167,"column":41},"end":{"line":167,"column":42}},"loc":{"start":{"line":167,"column":52},"end":{"line":169,"column":5}},"line":167},"15":{"name":"(anonymous_15)","decl":{"start":{"line":170,"column":41},"end":{"line":170,"column":42}},"loc":{"start":{"line":170,"column":52},"end":{"line":172,"column":5}},"line":170},"16":{"name":"(anonymous_16)","decl":{"start":{"line":173,"column":43},"end":{"line":173,"column":44}},"loc":{"start":{"line":173,"column":62},"end":{"line":176,"column":5}},"line":173},"17":{"name":"(anonymous_17)","decl":{"start":{"line":177,"column":42},"end":{"line":177,"column":43}},"loc":{"start":{"line":177,"column":53},"end":{"line":179,"column":5}},"line":177}},"branchMap":{"0":{"loc":{"start":{"line":35,"column":24},"end":{"line":35,"column":60}},"type":"binary-expr","locations":[{"start":{"line":35,"column":24},"end":{"line":35,"column":51}},{"start":{"line":35,"column":55},"end":{"line":35,"column":60}}],"line":35},"1":{"loc":{"start":{"line":39,"column":8},"end":{"line":41,"column":37}},"type":"if","locations":[{"start":{"line":39,"column":8},"end":{"line":41,"column":37}},{"start":{"line":41,"column":15},"end":{"line":41,"column":37}}],"line":39},"2":{"loc":{"start":{"line":43,"column":8},"end":{"line":43,"column":52}},"type":"if","locations":[{"start":{"line":43,"column":8},"end":{"line":43,"column":52}},{"start":{},"end":{}}],"line":43},"3":{"loc":{"start":{"line":69,"column":6},"end":{"line":69,"column":64}},"type":"if","locations":[{"start":{"line":69,"column":6},"end":{"line":69,"column":64}},{"start":{},"end":{}}],"line":69},"4":{"loc":{"start":{"line":72,"column":22},"end":{"line":74,"column":55}},"type":"cond-expr","locations":[{"start":{"line":73,"column":10},"end":{"line":73,"column":59}},{"start":{"line":74,"column":10},"end":{"line":74,"column":55}}],"line":72},"5":{"loc":{"start":{"line":78,"column":6},"end":{"line":81,"column":7}},"type":"if","locations":[{"start":{"line":78,"column":6},"end":{"line":81,"column":7}},{"start":{},"end":{}}],"line":78},"6":{"loc":{"start":{"line":94,"column":29},"end":{"line":96,"column":16}},"type":"cond-expr","locations":[{"start":{"line":95,"column":12},"end":{"line":95,"column":60}},{"start":{"line":96,"column":12},"end":{"line":96,"column":16}}],"line":94},"7":{"loc":{"start":{"line":100,"column":10},"end":{"line":102,"column":57}},"type":"binary-expr","locations":[{"start":{"line":100,"column":10},"end":{"line":100,"column":22}},{"start":{"line":101,"column":11},"end":{"line":101,"column":52}},{"start":{"line":102,"column":12},"end":{"line":102,"column":56}}],"line":100},"8":{"loc":{"start":{"line":125,"column":29},"end":{"line":127,"column":16}},"type":"cond-expr","locations":[{"start":{"line":126,"column":12},"end":{"line":126,"column":42}},{"start":{"line":127,"column":12},"end":{"line":127,"column":16}}],"line":125},"9":{"loc":{"start":{"line":130,"column":10},"end":{"line":130,"column":75}},"type":"binary-expr","locations":[{"start":{"line":130,"column":10},"end":{"line":130,"column":22}},{"start":{"line":130,"column":27},"end":{"line":130,"column":47}},{"start":{"line":130,"column":51},"end":{"line":130,"column":74}}],"line":130},"10":{"loc":{"start":{"line":135,"column":6},"end":{"line":137,"column":45}},"type":"if","locations":[{"start":{"line":135,"column":6},"end":{"line":137,"column":45}},{"start":{"line":137,"column":13},"end":{"line":137,"column":45}}],"line":135},"11":{"loc":{"start":{"line":135,"column":10},"end":{"line":135,"column":54}},"type":"binary-expr","locations":[{"start":{"line":135,"column":10},"end":{"line":135,"column":29}},{"start":{"line":135,"column":33},"end":{"line":135,"column":54}}],"line":135},"12":{"loc":{"start":{"line":146,"column":26},"end":{"line":146,"column":78}},"type":"cond-expr","locations":[{"start":{"line":146,"column":45},"end":{"line":146,"column":62}},{"start":{"line":146,"column":65},"end":{"line":146,"column":78}}],"line":146}},"s":{"0":2,"1":2,"2":0,"3":0,"4":0,"5":0,"6":0,"7":0,"8":0,"9":0,"10":0,"11":0,"12":0,"13":0,"14":0,"15":2,"16":0,"17":0,"18":0,"19":2,"20":0,"21":0,"22":0,"23":0,"24":0,"25":0,"26":0,"27":0,"28":0,"29":0,"30":0,"31":0,"32":0,"33":0,"34":0,"35":0,"36":0,"37":0,"38":0,"39":2,"40":0,"41":2,"42":0,"43":0,"44":0,"45":0,"46":0,"47":0,"48":0,"49":0,"50":0,"51":0,"52":0,"53":0,"54":0,"55":0,"56":0,"57":0,"58":0,"59":0,"60":0,"61":0,"62":0,"63":2,"64":0,"65":2,"66":0,"67":2,"68":0,"69":0,"70":2,"71":0,"72":2},"f":{"0":0,"1":0,"2":0,"3":0,"4":0,"5":0,"6":0,"7":0,"8":0,"9":2,"10":0,"11":0,"12":0,"13":0,"14":0,"15":0,"16":0,"17":0},"b":{"0":[0,0],"1":[0,0],"2":[0,0],"3":[0,0],"4":[0,0],"5":[0,0],"6":[0,0],"7":[0,0,0],"8":[0,0],"9":[0,0,0],"10":[0,0],"11":[0,0],"12":[0,0]},"_coverageSchema":"1a1c01bbd47fc00a2c39e90264f33305004495a9","hash":"720d1630794531a44a68dec878e9d80b410f1652"}
,"/Users/patrickk/Desktop/decCohort/fec/client/src/state/store.js": {"path":"/Users/patrickk/Desktop/decCohort/fec/client/src/state/store.js","statementMap":{"0":{"start":{"line":7,"column":20},"end":{"line":11,"column":2}},"1":{"start":{"line":14,"column":2},"end":{"line":17,"column":5}}},"fnMap":{"0":{"name":"setupStore","decl":{"start":{"line":13,"column":16},"end":{"line":13,"column":26}},"loc":{"start":{"line":13,"column":43},"end":{"line":18,"column":1}},"line":13}},"branchMap":{},"s":{"0":2,"1":13},"f":{"0":13},"b":{},"_coverageSchema":"1a1c01bbd47fc00a2c39e90264f33305004495a9","hash":"d7731ce32d97f8c4ebcbaa362771d47d77d60964"}
,"/Users/patrickk/Desktop/decCohort/fec/client/src/utils/helpers.js": {"path":"/Users/patrickk/Desktop/decCohort/fec/client/src/utils/helpers.js","statementMap":{"0":{"start":{"line":3,"column":21},"end":{"line":11,"column":1}},"1":{"start":{"line":5,"column":2},"end":{"line":5,"column":68}},"2":{"start":{"line":5,"column":23},"end":{"line":5,"column":68}},"3":{"start":{"line":6,"column":2},"end":{"line":6,"column":72}},"4":{"start":{"line":6,"column":23},"end":{"line":6,"column":72}},"5":{"start":{"line":7,"column":2},"end":{"line":7,"column":79}},"6":{"start":{"line":7,"column":24},"end":{"line":7,"column":79}},"7":{"start":{"line":8,"column":2},"end":{"line":8,"column":75}},"8":{"start":{"line":8,"column":26},"end":{"line":8,"column":75}},"9":{"start":{"line":10,"column":2},"end":{"line":10,"column":19}},"10":{"start":{"line":13,"column":20},"end":{"line":17,"column":1}},"11":{"start":{"line":14,"column":2},"end":{"line":16,"column":5}},"12":{"start":{"line":15,"column":4},"end":{"line":15,"column":28}},"13":{"start":{"line":15,"column":14},"end":{"line":15,"column":28}},"14":{"start":{"line":19,"column":22},"end":{"line":28,"column":1}},"15":{"start":{"line":20,"column":20},"end":{"line":20,"column":22}},"16":{"start":{"line":21,"column":2},"end":{"line":23,"column":5}},"17":{"start":{"line":22,"column":4},"end":{"line":22,"column":35}},"18":{"start":{"line":22,"column":14},"end":{"line":22,"column":35}},"19":{"start":{"line":24,"column":2},"end":{"line":26,"column":5}},"20":{"start":{"line":25,"column":4},"end":{"line":25,"column":56}},"21":{"start":{"line":25,"column":31},"end":{"line":25,"column":56}},"22":{"start":{"line":27,"column":2},"end":{"line":27,"column":34}},"23":{"start":{"line":30,"column":22},"end":{"line":36,"column":1}},"24":{"start":{"line":31,"column":20},"end":{"line":31,"column":72}},"25":{"start":{"line":32,"column":18},"end":{"line":32,"column":32}},"26":{"start":{"line":33,"column":2},"end":{"line":35,"column":54}},"27":{"start":{"line":38,"column":19},"end":{"line":47,"column":3}},"28":{"start":{"line":39,"column":2},"end":{"line":47,"column":3}},"29":{"start":{"line":41,"column":6},"end":{"line":41,"column":36}},"30":{"start":{"line":42,"column":6},"end":{"line":42,"column":39}},"31":{"start":{"line":43,"column":6},"end":{"line":43,"column":48}},"32":{"start":{"line":44,"column":6},"end":{"line":44,"column":17}},"33":{"start":{"line":49,"column":17},"end":{"line":57,"column":1}},"34":{"start":{"line":51,"column":2},"end":{"line":56,"column":4}},"35":{"start":{"line":52,"column":4},"end":{"line":52,"column":24}},"36":{"start":{"line":53,"column":4},"end":{"line":55,"column":16}},"37":{"start":{"line":54,"column":6},"end":{"line":54,"column":29}}},"fnMap":{"0":{"name":"(anonymous_0)","decl":{"start":{"line":3,"column":21},"end":{"line":3,"column":22}},"loc":{"start":{"line":3,"column":38},"end":{"line":11,"column":1}},"line":3},"1":{"name":"(anonymous_1)","decl":{"start":{"line":13,"column":20},"end":{"line":13,"column":21}},"loc":{"start":{"line":13,"column":40},"end":{"line":17,"column":1}},"line":13},"2":{"name":"(anonymous_2)","decl":{"start":{"line":14,"column":31},"end":{"line":14,"column":32}},"loc":{"start":{"line":14,"column":47},"end":{"line":16,"column":3}},"line":14},"3":{"name":"(anonymous_3)","decl":{"start":{"line":19,"column":22},"end":{"line":19,"column":23}},"loc":{"start":{"line":19,"column":45},"end":{"line":28,"column":1}},"line":19},"4":{"name":"(anonymous_4)","decl":{"start":{"line":21,"column":34},"end":{"line":21,"column":35}},"loc":{"start":{"line":21,"column":50},"end":{"line":23,"column":3}},"line":21},"5":{"name":"(anonymous_5)","decl":{"start":{"line":24,"column":34},"end":{"line":24,"column":35}},"loc":{"start":{"line":24,"column":45},"end":{"line":26,"column":3}},"line":24},"6":{"name":"(anonymous_6)","decl":{"start":{"line":30,"column":22},"end":{"line":30,"column":23}},"loc":{"start":{"line":30,"column":32},"end":{"line":36,"column":1}},"line":30},"7":{"name":"(anonymous_7)","decl":{"start":{"line":38,"column":19},"end":{"line":38,"column":20}},"loc":{"start":{"line":39,"column":2},"end":{"line":47,"column":3}},"line":39},"8":{"name":"(anonymous_8)","decl":{"start":{"line":40,"column":4},"end":{"line":40,"column":5}},"loc":{"start":{"line":40,"column":18},"end":{"line":45,"column":5}},"line":40},"9":{"name":"(anonymous_9)","decl":{"start":{"line":49,"column":17},"end":{"line":49,"column":18}},"loc":{"start":{"line":49,"column":42},"end":{"line":57,"column":1}},"line":49},"10":{"name":"(anonymous_10)","decl":{"start":{"line":51,"column":9},"end":{"line":51,"column":10}},"loc":{"start":{"line":51,"column":22},"end":{"line":56,"column":3}},"line":51},"11":{"name":"(anonymous_11)","decl":{"start":{"line":53,"column":23},"end":{"line":53,"column":24}},"loc":{"start":{"line":53,"column":29},"end":{"line":55,"column":5}},"line":53}},"branchMap":{"0":{"loc":{"start":{"line":5,"column":2},"end":{"line":5,"column":68}},"type":"if","locations":[{"start":{"line":5,"column":2},"end":{"line":5,"column":68}},{"start":{},"end":{}}],"line":5},"1":{"loc":{"start":{"line":5,"column":31},"end":{"line":5,"column":67}},"type":"cond-expr","locations":[{"start":{"line":5,"column":50},"end":{"line":5,"column":62}},{"start":{"line":5,"column":65},"end":{"line":5,"column":67}}],"line":5},"2":{"loc":{"start":{"line":6,"column":2},"end":{"line":6,"column":72}},"type":"if","locations":[{"start":{"line":6,"column":2},"end":{"line":6,"column":72}},{"start":{},"end":{}}],"line":6},"3":{"loc":{"start":{"line":6,"column":31},"end":{"line":6,"column":71}},"type":"cond-expr","locations":[{"start":{"line":6,"column":50},"end":{"line":6,"column":66}},{"start":{"line":6,"column":69},"end":{"line":6,"column":71}}],"line":6},"4":{"loc":{"start":{"line":7,"column":2},"end":{"line":7,"column":79}},"type":"if","locations":[{"start":{"line":7,"column":2},"end":{"line":7,"column":79}},{"start":{},"end":{}}],"line":7},"5":{"loc":{"start":{"line":7,"column":32},"end":{"line":7,"column":78}},"type":"cond-expr","locations":[{"start":{"line":7,"column":60},"end":{"line":7,"column":73}},{"start":{"line":7,"column":76},"end":{"line":7,"column":78}}],"line":7},"6":{"loc":{"start":{"line":8,"column":2},"end":{"line":8,"column":75}},"type":"if","locations":[{"start":{"line":8,"column":2},"end":{"line":8,"column":75}},{"start":{},"end":{}}],"line":8},"7":{"loc":{"start":{"line":8,"column":34},"end":{"line":8,"column":74}},"type":"cond-expr","locations":[{"start":{"line":8,"column":54},"end":{"line":8,"column":69}},{"start":{"line":8,"column":72},"end":{"line":8,"column":74}}],"line":8},"8":{"loc":{"start":{"line":15,"column":4},"end":{"line":15,"column":28}},"type":"if","locations":[{"start":{"line":15,"column":4},"end":{"line":15,"column":28}},{"start":{},"end":{}}],"line":15},"9":{"loc":{"start":{"line":22,"column":4},"end":{"line":22,"column":35}},"type":"if","locations":[{"start":{"line":22,"column":4},"end":{"line":22,"column":35}},{"start":{},"end":{}}],"line":22},"10":{"loc":{"start":{"line":25,"column":4},"end":{"line":25,"column":56}},"type":"if","locations":[{"start":{"line":25,"column":4},"end":{"line":25,"column":56}},{"start":{},"end":{}}],"line":25},"11":{"loc":{"start":{"line":25,"column":8},"end":{"line":25,"column":29}},"type":"binary-expr","locations":[{"start":{"line":25,"column":8},"end":{"line":25,"column":13}},{"start":{"line":25,"column":17},"end":{"line":25,"column":29}}],"line":25},"12":{"loc":{"start":{"line":49,"column":24},"end":{"line":49,"column":37}},"type":"default-arg","locations":[{"start":{"line":49,"column":34},"end":{"line":49,"column":37}}],"line":49}},"s":{"0":1,"1":0,"2":0,"3":0,"4":0,"5":0,"6":0,"7":0,"8":0,"9":0,"10":1,"11":0,"12":0,"13":0,"14":1,"15":0,"16":0,"17":0,"18":0,"19":0,"20":0,"21":0,"22":0,"23":1,"24":10,"25":10,"26":10,"27":1,"28":0,"29":0,"30":0,"31":0,"32":0,"33":1,"34":0,"35":0,"36":0,"37":0},"f":{"0":0,"1":0,"2":0,"3":0,"4":0,"5":0,"6":10,"7":0,"8":0,"9":0,"10":0,"11":0},"b":{"0":[0,0],"1":[0,0],"2":[0,0],"3":[0,0],"4":[0,0],"5":[0,0],"6":[0,0],"7":[0,0],"8":[0,0],"9":[0,0],"10":[0,0],"11":[0,0],"12":[0]},"_coverageSchema":"1a1c01bbd47fc00a2c39e90264f33305004495a9","hash":"907874ddb81abff364fd9f255a1d0e6185e11a38"}
,"/Users/patrickk/Desktop/decCohort/fec/client/src/utils/mappings.js": {"path":"/Users/patrickk/Desktop/decCohort/fec/client/src/utils/mappings.js","statementMap":{"0":{"start":{"line":1,"column":21},"end":{"line":12,"column":1}},"1":{"start":{"line":14,"column":26},"end":{"line":63,"column":1}},"2":{"start":{"line":65,"column":22},"end":{"line":69,"column":1}}},"fnMap":{},"branchMap":{},"s":{"0":1,"1":1,"2":1},"f":{},"b":{},"_coverageSchema":"1a1c01bbd47fc00a2c39e90264f33305004495a9","hash":"73e1374c34330f2ab765ded74e41213602ff6652"}
}
