TN:
SF:client/src/api/apiHelpers.js
FN:3,(anonymous_0)
FNF:1
FNH:0
FNDA:0,(anonymous_0)
DA:3,1
DA:4,0
DA:6,0
DA:7,0
DA:8,0
DA:9,0
DA:10,0
DA:17,0
LF:8
LH:1
BRF:0
BRH:0
end_of_record
TN:
SF:client/src/api/qa.js
FN:5,(anonymous_0)
FN:16,(anonymous_1)
FN:31,(anonymous_2)
FN:37,(anonymous_3)
FN:43,(anonymous_4)
FN:49,(anonymous_5)
FNF:6
FNH:0
FNDA:0,(anonymous_0)
FNDA:0,(anonymous_1)
FNDA:0,(anonymous_2)
FNDA:0,(anonymous_3)
FNDA:0,(anonymous_4)
FNDA:0,(anonymous_5)
DA:5,1
DA:6,0
DA:12,0
DA:13,0
DA:14,0
DA:15,0
DA:16,0
DA:19,0
DA:24,0
DA:31,1
DA:32,0
DA:37,1
DA:38,0
DA:43,1
DA:44,0
DA:49,1
DA:50,0
LF:17
LH:5
BRDA:14,0,0,0
BRDA:14,0,1,0
BRDA:14,1,0,0
BRDA:14,1,1,0
BRDA:27,2,0,0
BRDA:27,2,1,0
BRF:6
BRH:0
end_of_record
TN:
SF:client/src/components/ProductDetail/ShareSocialMedia.jsx
FN:3,ShareSocialMedia
FNF:1
FNH:1
FNDA:3,ShareSocialMedia
DA:4,3
LF:1
LH:1
BRF:0
BRH:0
end_of_record
TN:
SF:client/src/components/QA/AddQAForm.jsx
FN:9,AddQAForm
FN:32,(anonymous_1)
FN:36,(anonymous_2)
FN:41,(anonymous_3)
FN:44,(anonymous_4)
FN:104,(anonymous_5)
FN:105,(anonymous_6)
FN:112,(anonymous_7)
FNF:8
FNH:1
FNDA:1,AddQAForm
FNDA:0,(anonymous_1)
FNDA:0,(anonymous_2)
FNDA:0,(anonymous_3)
FNDA:0,(anonymous_4)
FNDA:0,(anonymous_5)
FNDA:0,(anonymous_6)
FNDA:0,(anonymous_7)
DA:15,1
DA:16,1
DA:22,1
DA:28,1
DA:29,1
DA:30,1
DA:32,1
DA:33,0
DA:34,0
DA:35,0
DA:36,0
DA:37,0
DA:38,0
DA:40,0
DA:41,0
DA:44,1
DA:45,0
DA:46,0
DA:47,0
DA:53,0
DA:54,0
DA:57,1
DA:104,0
DA:105,0
DA:113,0
DA:114,0
LF:26
LH:9
BRDA:10,0,0,1
BRDA:38,1,0,0
BRDA:38,1,1,0
BRDA:46,2,0,0
BRDA:46,2,1,0
BRDA:46,3,0,0
BRDA:46,3,1,0
BRDA:62,4,0,0
BRDA:62,4,1,1
BRDA:78,5,0,0
BRDA:78,5,1,1
BRDA:94,6,0,0
BRDA:94,6,1,1
BRDA:100,7,0,1
BRDA:100,7,1,0
BRDA:109,8,0,0
BRDA:109,8,1,1
BRDA:114,9,0,0
BRDA:114,9,1,0
BRF:19
BRH:6
end_of_record
TN:
SF:client/src/components/QA/AnswerEntry.jsx
FN:7,AnswerEntry
FN:12,(anonymous_1)
FN:13,(anonymous_2)
FN:25,(anonymous_3)
FN:30,(anonymous_4)
FN:34,(anonymous_5)
FN:52,(anonymous_6)
FN:56,(anonymous_7)
FN:73,(anonymous_8)
FN:84,(anonymous_9)
FN:92,(anonymous_10)
FNF:11
FNH:5
FNDA:10,AnswerEntry
FNDA:12,(anonymous_1)
FNDA:0,(anonymous_2)
FNDA:0,(anonymous_3)
FNDA:10,(anonymous_4)
FNDA:974,(anonymous_5)
FNDA:6,(anonymous_6)
FNDA:0,(anonymous_7)
FNDA:0,(anonymous_8)
FNDA:0,(anonymous_9)
FNDA:0,(anonymous_10)
DA:8,10
DA:9,10
DA:10,10
DA:11,10
DA:12,12
DA:13,10
DA:14,0
DA:15,0
DA:16,0
DA:17,0
DA:19,0
DA:20,0
DA:21,0
DA:25,10
DA:26,0
DA:27,0
DA:30,10
DA:31,10
DA:32,10
DA:35,974
DA:36,974
DA:37,482
DA:39,492
DA:45,10
DA:53,6
DA:56,0
DA:73,0
DA:84,0
DA:92,0
LF:29
LH:16
BRDA:13,0,0,0
BRDA:14,1,0,0
BRDA:14,1,1,0
BRDA:15,2,0,0
BRDA:15,2,1,0
BRDA:19,3,0,0
BRDA:19,3,1,0
BRDA:36,4,0,482
BRDA:36,4,1,492
BRDA:77,5,0,0
BRDA:77,5,1,10
BRDA:86,6,0,0
BRDA:86,6,1,10
BRDA:91,7,0,10
BRDA:91,7,1,0
BRF:15
BRH:5
end_of_record
TN:
SF:client/src/components/QA/QAList.jsx
FN:10,QAList
FN:13,(anonymous_1)
FN:18,(anonymous_2)
FN:24,(anonymous_3)
FN:26,(anonymous_4)
FN:28,(anonymous_5)
FN:37,(anonymous_6)
FN:48,(anonymous_7)
FN:59,(anonymous_8)
FN:78,(anonymous_9)
FN:87,(anonymous_10)
FN:94,(anonymous_11)
FN:95,(anonymous_12)
FNF:13
FNH:8
FNDA:6,QAList
FNDA:9,(anonymous_1)
FNDA:1,(anonymous_2)
FNDA:2,(anonymous_3)
FNDA:0,(anonymous_4)
FNDA:0,(anonymous_5)
FNDA:2,(anonymous_6)
FNDA:0,(anonymous_7)
FNDA:14,(anonymous_8)
FNDA:1,(anonymous_9)
FNDA:1,(anonymous_10)
FNDA:0,(anonymous_11)
FNDA:0,(anonymous_12)
DA:11,6
DA:12,6
DA:13,9
DA:15,6
DA:16,6
DA:18,6
DA:19,1
DA:20,1
DA:23,6
DA:24,6
DA:25,2
DA:26,2
DA:27,0
DA:28,0
DA:29,0
DA:31,0
DA:34,2
DA:37,6
DA:38,2
DA:41,6
DA:48,0
DA:60,14
DA:78,1
DA:87,1
DA:94,0
DA:95,0
LF:26
LH:19
BRDA:25,0,0,1
BRDA:25,0,1,1
BRDA:27,1,0,0
BRDA:27,1,1,0
BRDA:34,2,0,1
BRDA:34,2,1,1
BRDA:44,3,0,6
BRDA:44,3,1,2
BRDA:44,3,2,0
BRDA:63,4,0,1
BRDA:63,4,1,13
BRDA:63,5,0,14
BRDA:63,5,1,6
BRDA:74,6,0,6
BRDA:74,6,1,5
BRDA:74,6,2,5
BRDA:83,7,0,6
BRDA:83,7,1,6
BRDA:93,8,0,6
BRDA:93,8,1,1
BRF:20
BRH:17
end_of_record
TN:
SF:client/src/components/QA/QAListEntry.jsx
FN:8,QAListEntry
FN:9,(anonymous_1)
FN:14,(anonymous_2)
FN:18,(anonymous_3)
FN:23,(anonymous_4)
FN:35,(anonymous_5)
FN:39,(anonymous_6)
FN:55,(anonymous_7)
FN:75,(anonymous_8)
FN:89,(anonymous_9)
FN:99,(anonymous_10)
FN:107,(anonymous_11)
FN:107,(anonymous_12)
FN:113,(anonymous_13)
FN:120,(anonymous_14)
FN:125,(anonymous_15)
FNF:16
FNH:6
FNDA:10,QAListEntry
FNDA:12,(anonymous_1)
FNDA:10,(anonymous_2)
FNDA:0,(anonymous_3)
FNDA:0,(anonymous_4)
FNDA:10,(anonymous_5)
FNDA:896,(anonymous_6)
FNDA:0,(anonymous_7)
FNDA:0,(anonymous_8)
FNDA:0,(anonymous_9)
FNDA:10,(anonymous_10)
FNDA:0,(anonymous_11)
FNDA:0,(anonymous_12)
FNDA:0,(anonymous_13)
FNDA:0,(anonymous_14)
FNDA:0,(anonymous_15)
DA:9,12
DA:10,10
DA:11,10
DA:13,10
DA:14,10
DA:18,0
DA:20,10
DA:21,10
DA:23,10
DA:24,0
DA:25,0
DA:26,0
DA:27,0
DA:29,0
DA:30,0
DA:31,0
DA:35,10
DA:36,10
DA:37,10
DA:40,896
DA:41,896
DA:42,443
DA:44,453
DA:50,10
DA:55,0
DA:75,0
DA:89,0
DA:100,10
DA:107,0
DA:113,0
DA:120,0
DA:125,0
LF:32
LH:17
BRDA:23,0,0,0
BRDA:24,1,0,0
BRDA:24,1,1,0
BRDA:25,2,0,0
BRDA:25,2,1,0
BRDA:29,3,0,0
BRDA:29,3,1,0
BRDA:41,4,0,443
BRDA:41,4,1,453
BRDA:80,5,0,0
BRDA:80,5,1,10
BRDA:91,6,0,0
BRDA:91,6,1,10
BRDA:104,7,0,10
BRDA:104,7,1,0
BRDA:112,8,0,10
BRDA:112,8,1,0
BRDA:119,9,0,10
BRDA:119,9,1,0
BRF:19
BRH:7
end_of_record
TN:
SF:client/src/components/common/Accordion.jsx
FN:3,Accordion
FN:6,(anonymous_1)
FN:16,(anonymous_2)
FNF:3
FNH:2
FNDA:6,Accordion
FNDA:2,(anonymous_1)
FNDA:0,(anonymous_2)
DA:4,6
DA:6,6
DA:7,2
DA:10,6
DA:16,0
LF:5
LH:4
BRDA:20,0,0,4
BRDA:20,0,1,2
BRDA:26,1,0,4
BRDA:26,1,1,2
BRDA:27,2,0,6
BRDA:27,2,1,4
BRF:6
BRH:6
end_of_record
TN:
SF:client/src/components/common/Modal.jsx
FN:4,Modal
FN:7,(anonymous_1)
FNF:2
FNH:1
FNDA:1,Modal
FNDA:0,(anonymous_1)
DA:5,1
DA:7,0
LF:2
LH:1
BRF:0
BRH:0
end_of_record
TN:
SF:client/src/components/common/UploadFile.jsx
FN:3,UploadFile
FN:4,(anonymous_1)
FN:30,(anonymous_2)
FN:36,(anonymous_3)
FN:38,(anonymous_4)
FNF:5
FNH:0
FNDA:0,UploadFile
FNDA:0,(anonymous_1)
FNDA:0,(anonymous_2)
FNDA:0,(anonymous_3)
FNDA:0,(anonymous_4)
DA:4,0
DA:5,0
DA:6,0
DA:8,0
DA:9,0
DA:11,0
DA:31,0
DA:37,0
DA:38,0
DA:40,0
LF:10
LH:0
BRDA:5,0,0,0
BRDA:5,0,1,0
BRDA:25,1,0,0
BRDA:25,1,1,0
BRDA:27,2,0,0
BRDA:27,2,1,0
BRDA:28,3,0,0
BRDA:28,3,1,0
BRF:8
BRH:0
end_of_record
TN:
SF:client/src/components/itemsComparison/Outfit.jsx
FN:4,Outfit
FN:11,(anonymous_1)
FNF:2
FNH:2
FNDA:4,Outfit
FNDA:1,(anonymous_1)
DA:5,4
DA:11,1
LF:2
LH:2
BRDA:14,0,0,1
BRDA:14,0,1,3
BRF:2
BRH:2
end_of_record
TN:
SF:client/src/components/itemsComparison/OutfitList.jsx
FN:5,OutfitList
FN:6,(anonymous_1)
FN:13,(anonymous_2)
FN:14,(anonymous_3)
FN:25,(anonymous_4)
FN:46,(anonymous_5)
FN:48,(anonymous_6)
FN:53,(anonymous_7)
FN:65,(anonymous_8)
FN:78,(anonymous_9)
FN:79,(anonymous_10)
FN:104,(anonymous_11)
FNF:12
FNH:6
FNDA:9,OutfitList
FNDA:9,(anonymous_1)
FNDA:1,(anonymous_2)
FNDA:1,(anonymous_3)
FNDA:0,(anonymous_4)
FNDA:0,(anonymous_5)
FNDA:0,(anonymous_6)
FNDA:0,(anonymous_7)
FNDA:1,(anonymous_8)
FNDA:4,(anonymous_9)
FNDA:0,(anonymous_10)
FNDA:0,(anonymous_11)
DA:6,9
DA:7,9
DA:8,9
DA:9,9
DA:10,9
DA:11,9
DA:13,9
DA:14,1
DA:16,0
DA:25,0
DA:26,0
DA:27,0
DA:29,0
DA:32,0
DA:33,0
DA:36,0
DA:46,9
DA:47,0
DA:48,0
DA:49,0
DA:50,0
DA:53,9
DA:54,0
DA:55,0
DA:57,0
DA:58,0
DA:60,0
DA:61,0
DA:62,0
DA:65,9
DA:66,1
DA:67,0
DA:70,1
DA:71,1
DA:73,1
DA:74,1
DA:75,1
DA:78,9
DA:79,4
DA:80,4
DA:83,9
DA:85,9
DA:105,0
LF:43
LH:22
BRDA:26,0,0,0
BRDA:26,0,1,0
BRDA:32,1,0,0
BRDA:32,1,1,0
BRDA:54,2,0,0
BRDA:54,2,1,0
BRDA:57,3,0,0
BRDA:57,3,1,0
BRDA:66,4,0,0
BRDA:66,4,1,1
BRDA:70,5,0,1
BRDA:70,5,1,0
BRDA:90,6,0,1
BRDA:90,6,1,8
BRDA:103,7,0,0
BRDA:103,7,1,9
BRDA:115,8,0,9
BRDA:115,8,1,0
BRF:18
BRH:6
end_of_record
TN:
SF:client/src/components/itemsComparison/Product.jsx
FN:5,Product
FN:10,(anonymous_1)
FN:15,(anonymous_2)
FNF:3
FNH:3
FNDA:5,Product
FNDA:1,(anonymous_1)
FNDA:1,(anonymous_2)
DA:8,5
DA:10,5
DA:11,1
DA:14,5
DA:15,1
LF:5
LH:5
BRDA:23,0,0,4
BRDA:23,0,1,1
BRF:2
BRH:2
end_of_record
TN:
SF:client/src/components/itemsComparison/ProductModal.jsx
FN:5,ProductModal
FN:14,(anonymous_1)
FN:22,(anonymous_2)
FN:37,(anonymous_3)
FN:73,(anonymous_4)
FNF:5
FNH:5
FNDA:16,ProductModal
FNDA:6,(anonymous_1)
FNDA:12,(anonymous_2)
FNDA:7,(anonymous_3)
FNDA:55,(anonymous_4)
DA:8,16
DA:9,4
DA:12,12
DA:14,12
DA:15,6
DA:17,6
DA:18,37
DA:19,35
DA:21,37
DA:22,5
DA:23,12
DA:29,6
DA:30,29
DA:31,21
DA:32,8
DA:33,7
DA:36,29
DA:37,3
DA:38,7
DA:39,6
DA:41,1
DA:47,6
DA:50,12
DA:74,55
DA:75,27
LF:25
LH:25
BRDA:8,0,0,4
BRDA:8,0,1,12
BRDA:18,1,0,35
BRDA:18,1,1,2
BRDA:18,2,0,37
BRDA:18,2,1,35
BRDA:18,2,2,35
BRDA:18,2,3,35
BRDA:21,3,0,5
BRDA:21,3,1,32
BRDA:30,4,0,21
BRDA:30,4,1,8
BRDA:30,5,0,29
BRDA:30,5,1,21
BRDA:30,5,2,21
BRDA:30,5,3,21
BRDA:32,6,0,7
BRDA:32,6,1,1
BRDA:32,7,0,8
BRDA:32,7,1,7
BRDA:32,7,2,7
BRDA:36,8,0,3
BRDA:36,8,1,26
BRDA:38,9,0,6
BRDA:38,9,1,1
BRDA:72,10,0,6
BRDA:72,10,1,6
BRDA:74,11,0,27
BRDA:74,11,1,28
BRDA:74,12,0,55
BRDA:74,12,1,50
BRDA:74,12,2,44
BRDA:74,12,3,44
BRDA:74,12,4,44
BRDA:74,12,5,38
BRDA:74,12,6,32
BRDA:77,13,0,27
BRDA:77,13,1,1
BRDA:78,14,0,1
BRDA:78,14,1,26
BRDA:81,15,0,27
BRDA:81,15,1,15
BRF:42
BRH:42
end_of_record
TN:
SF:client/src/state/pd.js
FN:13,(anonymous_0)
FN:27,(anonymous_1)
FN:46,(anonymous_2)
FN:64,(anonymous_3)
FN:68,(anonymous_4)
FN:69,(anonymous_5)
FN:72,(anonymous_6)
FN:78,(anonymous_7)
FN:81,(anonymous_8)
FN:84,(anonymous_9)
FN:89,(anonymous_10)
FNF:11
FNH:1
FNDA:0,(anonymous_0)
FNDA:0,(anonymous_1)
FNDA:0,(anonymous_2)
FNDA:0,(anonymous_3)
FNDA:2,(anonymous_4)
FNDA:0,(anonymous_5)
FNDA:0,(anonymous_6)
FNDA:0,(anonymous_7)
FNDA:0,(anonymous_8)
FNDA:0,(anonymous_9)
FNDA:0,(anonymous_10)
DA:4,2
DA:11,2
DA:14,0
DA:15,0
DA:16,0
DA:17,0
DA:18,0
DA:20,0
DA:25,2
DA:28,0
DA:29,0
DA:30,0
DA:31,0
DA:32,0
DA:33,0
DA:39,0
DA:44,2
DA:47,0
DA:48,0
DA:49,0
DA:50,0
DA:55,0
DA:60,2
DA:65,0
DA:69,2
DA:70,0
DA:72,2
DA:73,0
DA:74,0
DA:75,0
DA:76,0
DA:78,2
DA:79,0
DA:81,2
DA:82,0
DA:84,2
DA:85,0
DA:86,0
DA:87,0
DA:89,2
DA:90,0
DA:96,2
LF:42
LH:12
BRF:0
BRH:0
end_of_record
TN:
SF:client/src/state/qa.js
FN:12,(anonymous_0)
FN:28,(anonymous_1)
FN:39,(anonymous_2)
FN:43,(anonymous_3)
FN:49,(anonymous_4)
FN:59,(anonymous_5)
FN:63,(anonymous_6)
FN:64,(anonymous_7)
FN:67,(anonymous_8)
FN:69,(anonymous_9)
FN:81,(anonymous_10)
FNF:11
FNH:4
FNDA:2,(anonymous_0)
FNDA:0,(anonymous_1)
FNDA:1,(anonymous_2)
FNDA:0,(anonymous_3)
FNDA:0,(anonymous_4)
FNDA:0,(anonymous_5)
FNDA:2,(anonymous_6)
FNDA:2,(anonymous_7)
FNDA:0,(anonymous_8)
FNDA:0,(anonymous_9)
FNDA:0,(anonymous_10)
DA:4,2
DA:12,2
DA:13,2
DA:14,2
DA:16,2
DA:18,2
DA:23,0
DA:24,0
DA:25,0
DA:26,0
DA:27,0
DA:28,0
DA:30,0
DA:35,2
DA:40,1
DA:41,1
DA:44,0
DA:45,0
DA:46,0
DA:49,0
DA:50,0
DA:51,0
DA:52,0
DA:53,0
DA:54,0
DA:56,0
DA:60,0
DA:64,2
DA:65,2
DA:67,2
DA:68,0
DA:69,0
DA:70,0
DA:71,0
DA:73,0
DA:76,0
DA:78,0
DA:79,0
DA:81,2
DA:82,0
DA:88,2
LF:41
LH:14
BRDA:23,0,0,0
BRDA:23,0,1,0
BRDA:26,1,0,0
BRDA:26,1,1,0
BRDA:44,2,0,0
BRDA:44,2,1,0
BRDA:51,3,0,0
BRDA:51,3,1,0
BRDA:54,4,0,0
BRDA:54,4,1,0
BRDA:73,5,0,0
BRDA:73,5,1,0
BRDA:73,5,2,0
BRDA:76,6,0,0
BRDA:76,6,1,0
BRF:15
BRH:0
end_of_record
TN:
SF:client/src/state/rr.js
FN:19,(anonymous_0)
FN:53,(anonymous_1)
FN:68,(anonymous_2)
FN:76,(anonymous_3)
FN:84,(anonymous_4)
FN:87,(anonymous_5)
FN:91,(anonymous_6)
FN:92,(anonymous_7)
FN:109,(anonymous_8)
FN:113,(anonymous_9)
FN:114,(anonymous_10)
FN:117,(anonymous_11)
FN:119,(anonymous_12)
FN:142,(anonymous_13)
FN:167,(anonymous_14)
FN:170,(anonymous_15)
FN:173,(anonymous_16)
FN:177,(anonymous_17)
FNF:18
FNH:1
FNDA:0,(anonymous_0)
FNDA:0,(anonymous_1)
FNDA:0,(anonymous_2)
FNDA:0,(anonymous_3)
FNDA:0,(anonymous_4)
FNDA:0,(anonymous_5)
FNDA:0,(anonymous_6)
FNDA:0,(anonymous_7)
FNDA:0,(anonymous_8)
FNDA:2,(anonymous_9)
FNDA:0,(anonymous_10)
FNDA:0,(anonymous_11)
FNDA:0,(anonymous_12)
FNDA:0,(anonymous_13)
FNDA:0,(anonymous_14)
FNDA:0,(anonymous_15)
FNDA:0,(anonymous_16)
FNDA:0,(anonymous_17)
DA:4,2
DA:17,2
DA:20,0
DA:21,0
DA:23,0
DA:24,0
DA:26,0
DA:28,0
DA:30,0
DA:39,0
DA:40,0
DA:41,0
DA:43,0
DA:46,0
DA:51,2
DA:54,0
DA:59,0
DA:60,0
DA:64,2
DA:69,0
DA:70,0
DA:72,0
DA:77,0
DA:78,0
DA:79,0
DA:80,0
DA:82,0
DA:85,0
DA:88,0
DA:89,0
DA:92,0
DA:94,0
DA:97,0
DA:99,0
DA:106,0
DA:107,0
DA:110,0
DA:114,2
DA:115,0
DA:117,2
DA:119,0
DA:120,0
DA:121,0
DA:122,0
DA:123,0
DA:125,0
DA:129,0
DA:133,0
DA:135,0
DA:136,0
DA:137,0
DA:138,0
DA:141,0
DA:143,0
DA:144,0
DA:145,0
DA:146,0
DA:147,0
DA:148,0
DA:164,0
DA:165,0
DA:167,2
DA:168,0
DA:170,2
DA:171,0
DA:173,2
DA:174,0
DA:175,0
DA:177,2
DA:178,0
DA:190,2
LF:71
LH:11
BRDA:35,0,0,0
BRDA:35,0,1,0
BRDA:39,1,0,0
BRDA:39,1,1,0
BRDA:43,2,0,0
BRDA:43,2,1,0
BRDA:69,3,0,0
BRDA:69,3,1,0
BRDA:72,4,0,0
BRDA:72,4,1,0
BRDA:78,5,0,0
BRDA:78,5,1,0
BRDA:94,6,0,0
BRDA:94,6,1,0
BRDA:100,7,0,0
BRDA:100,7,1,0
BRDA:100,7,2,0
BRDA:125,8,0,0
BRDA:125,8,1,0
BRDA:130,9,0,0
BRDA:130,9,1,0
BRDA:130,9,2,0
BRDA:135,10,0,0
BRDA:135,10,1,0
BRDA:135,11,0,0
BRDA:135,11,1,0
BRDA:146,12,0,0
BRDA:146,12,1,0
BRF:28
BRH:0
end_of_record
TN:
SF:client/src/state/store.js
FN:13,setupStore
FNF:1
FNH:1
FNDA:13,setupStore
DA:7,2
DA:14,13
LF:2
LH:2
BRF:0
BRH:0
end_of_record
TN:
SF:client/src/utils/helpers.js
FN:3,(anonymous_0)
FN:13,(anonymous_1)
FN:14,(anonymous_2)
FN:19,(anonymous_3)
FN:21,(anonymous_4)
FN:24,(anonymous_5)
FN:30,(anonymous_6)
FN:38,(anonymous_7)
FN:40,(anonymous_8)
FN:49,(anonymous_9)
FN:51,(anonymous_10)
FN:53,(anonymous_11)
FNF:12
FNH:1
FNDA:0,(anonymous_0)
FNDA:0,(anonymous_1)
FNDA:0,(anonymous_2)
FNDA:0,(anonymous_3)
FNDA:0,(anonymous_4)
FNDA:0,(anonymous_5)
FNDA:10,(anonymous_6)
FNDA:0,(anonymous_7)
FNDA:0,(anonymous_8)
FNDA:0,(anonymous_9)
FNDA:0,(anonymous_10)
FNDA:0,(anonymous_11)
DA:3,1
DA:5,0
DA:6,0
DA:7,0
DA:8,0
DA:10,0
DA:13,1
DA:14,0
DA:15,0
DA:19,1
DA:20,0
DA:21,0
DA:22,0
DA:24,0
DA:25,0
DA:27,0
DA:30,1
DA:31,10
DA:32,10
DA:33,10
DA:38,1
DA:39,0
DA:41,0
DA:42,0
DA:43,0
DA:44,0
DA:49,1
DA:51,0
DA:52,0
DA:53,0
DA:54,0
LF:31
LH:9
BRDA:5,0,0,0
BRDA:5,0,1,0
BRDA:5,1,0,0
BRDA:5,1,1,0
BRDA:6,2,0,0
BRDA:6,2,1,0
BRDA:6,3,0,0
BRDA:6,3,1,0
BRDA:7,4,0,0
BRDA:7,4,1,0
BRDA:7,5,0,0
BRDA:7,5,1,0
BRDA:8,6,0,0
BRDA:8,6,1,0
BRDA:8,7,0,0
BRDA:8,7,1,0
BRDA:15,8,0,0
BRDA:15,8,1,0
BRDA:22,9,0,0
BRDA:22,9,1,0
BRDA:25,10,0,0
BRDA:25,10,1,0
BRDA:25,11,0,0
BRDA:25,11,1,0
BRDA:49,12,0,0
BRF:25
BRH:0
end_of_record
TN:
SF:client/src/utils/mappings.js
FNF:0
FNH:0
DA:1,1
DA:14,1
DA:65,1
LF:3
LH:3
BRF:0
BRH:0
end_of_record
